<?xml version="1.0" encoding="UTF-8" ?>
<testsuite tests="2" failures="0" name="testSelenium.TestConnexion" time="18.819" errors="2" skipped="0">
  <properties>
[...]
</properties>
  <testcase classname="testSelenium.TestConnexion" name="testConnexion" time="9.401">
    <error type="java.lang.NullPointerException">java.lang.NullPointerException
	at testSelenium.TestConnexion.testConnexion(TestConnexion.java:50)
	at sun.reflect.NativeMethodAccessorImpl.invoke0(Native Method)
	at sun.reflect.NativeMethodAccessorImpl.invoke(NativeMethodAccessorImpl.java:62)
	at sun.reflect.DelegatingMethodAccessorImpl.invoke(DelegatingMethodAccessorImpl.java:43)
	at java.lang.reflect.Method.invoke(Method.java:498)
	at org.junit.runners.model.FrameworkMethod$1.runReflectiveCall(FrameworkMethod.java:50)
	at org.junit.internal.runners.model.ReflectiveCallable.run(ReflectiveCallable.java:12)
	at org.junit.runners.model.FrameworkMethod.invokeExplosively(FrameworkMethod.java:47)
	at org.junit.internal.runners.statements.InvokeMethod.evaluate(InvokeMethod.java:17)
	at org.junit.internal.runners.statements.RunBefores.evaluate(RunBefores.java:26)
	at org.junit.internal.runners.statements.RunAfters.evaluate(RunAfters.java:27)
	at org.junit.runners.ParentRunner.runLeaf(ParentRunner.java:325)
	at org.junit.runners.BlockJUnit4ClassRunner.runChild(BlockJUnit4ClassRunner.java:78)
	at org.junit.runners.BlockJUnit4ClassRunner.runChild(BlockJUnit4ClassRunner.java:57)
	at org.junit.runners.ParentRunner$3.run(ParentRunner.java:290)
	at org.junit.runners.ParentRunner$1.schedule(ParentRunner.java:71)
	at org.junit.runners.ParentRunner.runChildren(ParentRunner.java:288)
	at org.junit.runners.ParentRunner.access$000(ParentRunner.java:58)
	at org.junit.runners.ParentRunner$2.evaluate(ParentRunner.java:268)
	at org.junit.runners.ParentRunner.run(ParentRunner.java:363)
	at org.apache.maven.surefire.junit4.JUnit4Provider.execute(JUnit4Provider.java:252)
	at org.apache.maven.surefire.junit4.JUnit4Provider.executeTestSet(JUnit4Provider.java:141)
	at org.apache.maven.surefire.junit4.JUnit4Provider.invoke(JUnit4Provider.java:112)
	at sun.reflect.NativeMethodAccessorImpl.invoke0(Native Method)
	at sun.reflect.NativeMethodAccessorImpl.invoke(NativeMethodAccessorImpl.java:62)
	at sun.reflect.DelegatingMethodAccessorImpl.invoke(DelegatingMethodAccessorImpl.java:43)
	at java.lang.reflect.Method.invoke(Method.java:498)
	at org.apache.maven.surefire.util.ReflectionUtils.invokeMethodWithArray(ReflectionUtils.java:189)
	at org.apache.maven.surefire.booter.ProviderFactory$ProviderProxy.invoke(ProviderFactory.java:165)
	at org.apache.maven.surefire.booter.ProviderFactory.invokeProvider(ProviderFactory.java:85)
	at org.apache.maven.surefire.booter.ForkedBooter.runSuitesInProcess(ForkedBooter.java:115)
	at org.apache.maven.surefire.booter.ForkedBooter.main(ForkedBooter.java:75)
</error>
    <system-err>1529138188663	geckodriver	INFO	geckodriver 0.20.1
1529138188668	geckodriver	INFO	Listening on 127.0.0.1:28207
1529138188976	mozrunner::runner	INFO	Running command: &quot;/usr/lib/firefox/firefox&quot; &quot;-marionette&quot; &quot;-profile&quot; &quot;/tmp/rust_mozprofile.GLWDn5u9b1rs&quot;
1529138189419	addons.manager	DEBUG	Application has been upgraded
1529138189460	addons.manager	DEBUG	Loaded provider scope for resource://gre/modules/addons/XPIProvider.jsm: [&quot;XPIProvider&quot;, &quot;XPIInternal&quot;]
1529138189478	addons.manager	DEBUG	Loaded provider scope for resource://gre/modules/LightweightThemeManager.jsm: [&quot;LightweightThemeManager&quot;]
1529138189528	addons.manager	DEBUG	Loaded provider scope for resource://gre/modules/addons/GMPProvider.jsm
1529138189540	addons.manager	DEBUG	Loaded provider scope for resource://gre/modules/addons/PluginProvider.jsm
1529138189541	addons.manager	DEBUG	Starting provider: XPIProvider
1529138189541	addons.xpi	DEBUG	startup
1529138189542	addons.xpi	INFO	SystemAddonInstallLocation directory is missing
1529138189543	addons.xpi	INFO	Removing all system add-on upgrades.
1529138189547	addons.xpi	DEBUG	checkForChanges
1529138189548	addons.xpi	DEBUG	Loaded add-on state: ${}
1529138189549	addons.xpi	INFO	Mapping activity-stream@mozilla.org to /usr/lib/firefox/browser/features/activity-stream@mozilla.org.xpi
1529138189549	addons.xpi	INFO	Mapping aushelper@mozilla.org to /usr/lib/firefox/browser/features/aushelper@mozilla.org.xpi
1529138189549	addons.xpi	INFO	Mapping firefox@getpocket.com to /usr/lib/firefox/browser/features/firefox@getpocket.com.xpi
1529138189550	addons.xpi	INFO	Mapping followonsearch@mozilla.com to /usr/lib/firefox/browser/features/followonsearch@mozilla.com.xpi
1529138189550	addons.xpi	INFO	Mapping formautofill@mozilla.org to /usr/lib/firefox/browser/features/formautofill@mozilla.org.xpi
1529138189550	addons.xpi	INFO	Mapping onboarding@mozilla.org to /usr/lib/firefox/browser/features/onboarding@mozilla.org.xpi
1529138189550	addons.xpi	INFO	Mapping screenshots@mozilla.org to /usr/lib/firefox/browser/features/screenshots@mozilla.org.xpi
1529138189550	addons.xpi	INFO	Mapping webcompat@mozilla.org to /usr/lib/firefox/browser/features/webcompat@mozilla.org.xpi
1529138189550	addons.xpi	DEBUG	New add-on activity-stream@mozilla.org in app-system-defaults
1529138189557	addons.xpi	DEBUG	New add-on aushelper@mozilla.org in app-system-defaults
1529138189558	addons.xpi	DEBUG	New add-on firefox@getpocket.com in app-system-defaults
1529138189559	addons.xpi	DEBUG	New add-on followonsearch@mozilla.com in app-system-defaults
1529138189559	addons.xpi	DEBUG	New add-on formautofill@mozilla.org in app-system-defaults
1529138189560	addons.xpi	DEBUG	New add-on onboarding@mozilla.org in app-system-defaults
1529138189562	addons.xpi	DEBUG	New add-on screenshots@mozilla.org in app-system-defaults
1529138189569	addons.xpi	DEBUG	New add-on webcompat@mozilla.org in app-system-defaults
1529138189570	addons.xpi	INFO	Mapping langpack-en-GB@firefox.mozilla.org to /usr/lib/firefox/browser/extensions/langpack-en-GB@firefox.mozilla.org.xpi
1529138189572	addons.xpi	INFO	Mapping langpack-en-ZA@firefox.mozilla.org to /usr/lib/firefox/browser/extensions/langpack-en-ZA@firefox.mozilla.org.xpi
1529138189573	addons.xpi	INFO	Mapping langpack-fr@firefox.mozilla.org to /usr/lib/firefox/browser/extensions/langpack-fr@firefox.mozilla.org.xpi
1529138189575	addons.xpi	INFO	Mapping {972ce4c6-7e08-4474-a285-3208198ce6fd} to /usr/lib/firefox/browser/extensions/{972ce4c6-7e08-4474-a285-3208198ce6fd}.xpi
1529138189575	addons.xpi	DEBUG	New add-on langpack-en-GB@firefox.mozilla.org in app-global
1529138189575	addons.xpi	DEBUG	New add-on langpack-en-ZA@firefox.mozilla.org in app-global
1529138189575	addons.xpi	DEBUG	New add-on langpack-fr@firefox.mozilla.org in app-global
1529138189576	addons.xpi	DEBUG	New add-on {972ce4c6-7e08-4474-a285-3208198ce6fd} in app-global
1529138189577	addons.xpi	DEBUG	getInstallState changed: true, state: {}
1529138189577	addons.xpi	INFO	SystemAddonInstallLocation directory is missing
1529138189590	addons.xpi-utils	DEBUG	Opening XPI database /tmp/rust_mozprofile.GLWDn5u9b1rs/extensions.json
1529138189594	addons.xpi-utils	DEBUG	New add-on activity-stream@mozilla.org installed in app-system-defaults
*** Blocklist::_loadBlocklistFromFile: blocklist is disabled
1529138189627	addons.xpi-utils	DEBUG	New add-on aushelper@mozilla.org installed in app-system-defaults
1529138189639	addons.xpi-utils	DEBUG	New add-on firefox@getpocket.com installed in app-system-defaults
1529138189642	addons.xpi-utils	DEBUG	New add-on followonsearch@mozilla.com installed in app-system-defaults
1529138189646	addons.xpi-utils	DEBUG	New add-on formautofill@mozilla.org installed in app-system-defaults
1529138189653	addons.xpi-utils	DEBUG	New add-on onboarding@mozilla.org installed in app-system-defaults
1529138189657	addons.xpi-utils	DEBUG	New add-on screenshots@mozilla.org installed in app-system-defaults
1529138189666	addons.xpi-utils	DEBUG	New add-on webcompat@mozilla.org installed in app-system-defaults
1529138189672	addons.xpi-utils	DEBUG	New add-on langpack-en-GB@firefox.mozilla.org installed in app-global
1529138189725	addons.xpi-utils	DEBUG	XPI Database saved, setting schema version preference to 24
1529138189998	addons.xpi-utils	DEBUG	New add-on langpack-en-ZA@firefox.mozilla.org installed in app-global
1529138190012	addons.xpi-utils	DEBUG	New add-on langpack-fr@firefox.mozilla.org installed in app-global
1529138190032	addons.xpi-utils	DEBUG	New add-on {972ce4c6-7e08-4474-a285-3208198ce6fd} installed in app-global
1529138190035	addons.manager	DEBUG	Registering startup change &apos;installed&apos; for activity-stream@mozilla.org
1529138190059	addons.xpi	DEBUG	Loading bootstrap scope from /usr/lib/firefox/browser/features/activity-stream@mozilla.org.xpi
1529138190064	addons.xpi	DEBUG	Calling bootstrap method install on activity-stream@mozilla.org version 2018.04.20.1103-b3b95672
1529138190064	addons.xpi-utils	DEBUG	Make addon app-system-defaults:activity-stream@mozilla.org visible
1529138190065	addons.xpi	DEBUG	Updating XPIState for {&quot;id&quot;:&quot;activity-stream@mozilla.org&quot;,&quot;syncGUID&quot;:&quot;{2c643c35-c138-4cf0-a457-8d051b80a7be}&quot;,&quot;location&quot;:&quot;app-system-defaults&quot;,&quot;version&quot;:&quot;2018.04.20.1103-b3b95672&quot;,&quot;type&quot;:&quot;extension&quot;,&quot;internalName&quot;:null,&quot;updateURL&quot;:null,&quot;updateKey&quot;:null,&quot;optionsURL&quot;:null,&quot;optionsType&quot;:null,&quot;aboutURL&quot;:null,&quot;defaultLocale&quot;:{&quot;name&quot;:&quot;Activity Stream&quot;,&quot;description&quot;:&quot;A rich visual history feed and a reimagined home page make it easier than ever to find exactly what you&apos;re looking for in Firefox.&quot;,&quot;creator&quot;:null,&quot;homepageURL&quot;:null},&quot;visible&quot;:true,&quot;active&quot;:false,&quot;userDisabled&quot;:false,&quot;appDisabled&quot;:false,&quot;installDate&quot;:1528407176000,&quot;updateDate&quot;:1528407176000,&quot;applyBackgroundUpdates&quot;:1,&quot;bootstrap&quot;:true,&quot;path&quot;:&quot;/usr/lib/firefox/browser/features/activity-stream@mozilla.org.xpi&quot;,&quot;skinnable&quot;:false,&quot;size&quot;:2536973,&quot;sourceURI&quot;:null,&quot;releaseNotesURI&quot;:null,&quot;softDisabled&quot;:false,&quot;foreignInstall&quot;:false,&quot;strictCompatibility&quot;:false,&quot;locales&quot;:[],&quot;targetApplications&quot;:[{&quot;id&quot;:&quot;{ec8030f7-c20a-464f-9b0e-13a3a9e97384}&quot;,&quot;minVersion&quot;:&quot;60.0.2&quot;,&quot;maxVersion&quot;:&quot;60.*&quot;}],&quot;targetPlatforms&quot;:[],&quot;multiprocessCompatible&quot;:true,&quot;seen&quot;:true,&quot;dependencies&quot;:[],&quot;hasEmbeddedWebExtension&quot;:false,&quot;mpcOptedOut&quot;:false,&quot;userPermissions&quot;:null,&quot;icons&quot;:{},&quot;iconURL&quot;:null,&quot;icon64URL&quot;:null,&quot;blocklistState&quot;:0,&quot;blocklistURL&quot;:null,&quot;startupData&quot;:null}
1529138190073	addons.manager	DEBUG	Registering startup change &apos;installed&apos; for aushelper@mozilla.org
1529138190075	addons.xpi	DEBUG	Loading bootstrap scope from /usr/lib/firefox/browser/features/aushelper@mozilla.org.xpi
1529138190077	addons.xpi	DEBUG	Calling bootstrap method install on aushelper@mozilla.org version 2.0
1529138190078	addons.xpi-utils	DEBUG	Make addon app-system-defaults:aushelper@mozilla.org visible
1529138190078	addons.xpi	DEBUG	Updating XPIState for {&quot;id&quot;:&quot;aushelper@mozilla.org&quot;,&quot;syncGUID&quot;:&quot;{d62bd408-3831-4bc6-a42c-ec88550a7cef}&quot;,&quot;location&quot;:&quot;app-system-defaults&quot;,&quot;version&quot;:&quot;2.0&quot;,&quot;type&quot;:&quot;extension&quot;,&quot;internalName&quot;:null,&quot;updateURL&quot;:null,&quot;updateKey&quot;:null,&quot;optionsURL&quot;:null,&quot;optionsType&quot;:null,&quot;aboutURL&quot;:null,&quot;defaultLocale&quot;:{&quot;name&quot;:&quot;Application Update Service Helper&quot;,&quot;description&quot;:&quot;Sets value(s) in the update url based on custom checks.&quot;,&quot;creator&quot;:null,&quot;homepageURL&quot;:null},&quot;visible&quot;:true,&quot;active&quot;:false,&quot;userDisabled&quot;:false,&quot;appDisabled&quot;:false,&quot;installDate&quot;:1528407176000,&quot;updateDate&quot;:1528407176000,&quot;applyBackgroundUpdates&quot;:1,&quot;bootstrap&quot;:true,&quot;path&quot;:&quot;/usr/lib/firefox/browser/features/aushelper@mozilla.org.xpi&quot;,&quot;skinnable&quot;:false,&quot;size&quot;:8425,&quot;sourceURI&quot;:null,&quot;releaseNotesURI&quot;:null,&quot;softDisabled&quot;:false,&quot;foreignInstall&quot;:false,&quot;strictCompatibility&quot;:false,&quot;locales&quot;:[],&quot;targetApplications&quot;:[{&quot;id&quot;:&quot;{ec8030f7-c20a-464f-9b0e-13a3a9e97384}&quot;,&quot;minVersion&quot;:&quot;60.0.2&quot;,&quot;maxVersion&quot;:&quot;60.*&quot;}],&quot;targetPlatforms&quot;:[],&quot;multiprocessCompatible&quot;:true,&quot;seen&quot;:true,&quot;dependencies&quot;:[],&quot;hasEmbeddedWebExtension&quot;:false,&quot;mpcOptedOut&quot;:false,&quot;userPermissions&quot;:null,&quot;icons&quot;:{},&quot;iconURL&quot;:null,&quot;icon64URL&quot;:null,&quot;blocklistState&quot;:0,&quot;blocklistURL&quot;:null,&quot;startupData&quot;:null}
1529138190083	addons.manager	DEBUG	Registering startup change &apos;installed&apos; for firefox@getpocket.com
1529138190084	addons.xpi	DEBUG	Loading bootstrap scope from /usr/lib/firefox/browser/features/firefox@getpocket.com.xpi
1529138190092	addons.xpi	DEBUG	Calling bootstrap method install on firefox@getpocket.com version 1.0.5
1529138190093	addons.xpi-utils	DEBUG	Make addon app-system-defaults:firefox@getpocket.com visible
1529138190094	addons.xpi	DEBUG	Updating XPIState for {&quot;id&quot;:&quot;firefox@getpocket.com&quot;,&quot;syncGUID&quot;:&quot;{02f4762f-323b-43bf-b9b2-429babd226ed}&quot;,&quot;location&quot;:&quot;app-system-defaults&quot;,&quot;version&quot;:&quot;1.0.5&quot;,&quot;type&quot;:&quot;extension&quot;,&quot;internalName&quot;:null,&quot;updateURL&quot;:null,&quot;updateKey&quot;:null,&quot;optionsURL&quot;:null,&quot;optionsType&quot;:null,&quot;aboutURL&quot;:null,&quot;defaultLocale&quot;:{&quot;name&quot;:&quot;Pocket&quot;,&quot;description&quot;:&quot;When you find something you want to view later, put it in Pocket.&quot;,&quot;creator&quot;:null,&quot;homepageURL&quot;:null},&quot;visible&quot;:true,&quot;active&quot;:false,&quot;userDisabled&quot;:false,&quot;appDisabled&quot;:false,&quot;installDate&quot;:1528407176000,&quot;updateDate&quot;:1528407176000,&quot;applyBackgroundUpdates&quot;:1,&quot;bootstrap&quot;:true,&quot;path&quot;:&quot;/usr/lib/firefox/browser/features/firefox@getpocket.com.xpi&quot;,&quot;skinnable&quot;:false,&quot;size&quot;:856017,&quot;sourceURI&quot;:null,&quot;releaseNotesURI&quot;:null,&quot;softDisabled&quot;:false,&quot;foreignInstall&quot;:false,&quot;strictCompatibility&quot;:false,&quot;locales&quot;:[],&quot;targetApplications&quot;:[{&quot;id&quot;:&quot;{ec8030f7-c20a-464f-9b0e-13a3a9e97384}&quot;,&quot;minVersion&quot;:&quot;60.0.2&quot;,&quot;maxVersion&quot;:&quot;60.*&quot;}],&quot;targetPlatforms&quot;:[],&quot;multiprocessCompatible&quot;:true,&quot;seen&quot;:true,&quot;dependencies&quot;:[],&quot;hasEmbeddedWebExtension&quot;:false,&quot;mpcOptedOut&quot;:false,&quot;userPermissions&quot;:null,&quot;icons&quot;:{},&quot;iconURL&quot;:null,&quot;icon64URL&quot;:null,&quot;blocklistState&quot;:0,&quot;blocklistURL&quot;:null,&quot;startupData&quot;:null}
1529138190100	addons.manager	DEBUG	Registering startup change &apos;installed&apos; for followonsearch@mozilla.com
1529138190101	addons.xpi	DEBUG	Loading bootstrap scope from /usr/lib/firefox/browser/features/followonsearch@mozilla.com.xpi
1529138190103	addons.xpi	DEBUG	Calling bootstrap method install on followonsearch@mozilla.com version 0.9.6
1529138190103	addons.xpi-utils	DEBUG	Make addon app-system-defaults:followonsearch@mozilla.com visible
1529138190104	addons.xpi	DEBUG	Updating XPIState for {&quot;id&quot;:&quot;followonsearch@mozilla.com&quot;,&quot;syncGUID&quot;:&quot;{e4df10ee-0de7-477d-91c9-da365890406f}&quot;,&quot;location&quot;:&quot;app-system-defaults&quot;,&quot;version&quot;:&quot;0.9.6&quot;,&quot;type&quot;:&quot;extension&quot;,&quot;internalName&quot;:null,&quot;updateURL&quot;:null,&quot;updateKey&quot;:null,&quot;optionsURL&quot;:null,&quot;optionsType&quot;:null,&quot;aboutURL&quot;:null,&quot;defaultLocale&quot;:{&quot;name&quot;:&quot;Follow-on Search Telemetry&quot;,&quot;description&quot;:null,&quot;creator&quot;:null,&quot;homepageURL&quot;:null},&quot;visible&quot;:true,&quot;active&quot;:false,&quot;userDisabled&quot;:false,&quot;appDisabled&quot;:false,&quot;installDate&quot;:1528407176000,&quot;updateDate&quot;:1528407176000,&quot;applyBackgroundUpdates&quot;:1,&quot;bootstrap&quot;:true,&quot;path&quot;:&quot;/usr/lib/firefox/browser/features/followonsearch@mozilla.com.xpi&quot;,&quot;skinnable&quot;:false,&quot;size&quot;:18539,&quot;sourceURI&quot;:null,&quot;releaseNotesURI&quot;:null,&quot;softDisabled&quot;:false,&quot;foreignInstall&quot;:false,&quot;strictCompatibility&quot;:false,&quot;locales&quot;:[],&quot;targetApplications&quot;:[{&quot;id&quot;:&quot;{ec8030f7-c20a-464f-9b0e-13a3a9e97384}&quot;,&quot;minVersion&quot;:&quot;52.0&quot;,&quot;maxVersion&quot;:&quot;66.*&quot;}],&quot;targetPlatforms&quot;:[],&quot;multiprocessCompatible&quot;:true,&quot;seen&quot;:true,&quot;dependencies&quot;:[],&quot;hasEmbeddedWebExtension&quot;:false,&quot;mpcOptedOut&quot;:false,&quot;userPermissions&quot;:null,&quot;icons&quot;:{},&quot;iconURL&quot;:null,&quot;icon64URL&quot;:null,&quot;blocklistState&quot;:0,&quot;blocklistURL&quot;:null,&quot;startupData&quot;:null}
1529138190107	addons.manager	DEBUG	Registering startup change &apos;installed&apos; for formautofill@mozilla.org
1529138190107	addons.xpi	DEBUG	Loading bootstrap scope from /usr/lib/firefox/browser/features/formautofill@mozilla.org.xpi
1529138190111	addons.xpi	DEBUG	Calling bootstrap method install on formautofill@mozilla.org version 1.0
1529138190111	addons.xpi-utils	DEBUG	Make addon app-system-defaults:formautofill@mozilla.org visible
1529138190112	addons.xpi	DEBUG	Updating XPIState for {&quot;id&quot;:&quot;formautofill@mozilla.org&quot;,&quot;syncGUID&quot;:&quot;{f670868c-47dd-4227-aad6-3b7b75f79606}&quot;,&quot;location&quot;:&quot;app-system-defaults&quot;,&quot;version&quot;:&quot;1.0&quot;,&quot;type&quot;:&quot;extension&quot;,&quot;internalName&quot;:null,&quot;updateURL&quot;:null,&quot;updateKey&quot;:null,&quot;optionsURL&quot;:null,&quot;optionsType&quot;:null,&quot;aboutURL&quot;:null,&quot;defaultLocale&quot;:{&quot;name&quot;:&quot;Form Autofill&quot;,&quot;description&quot;:&quot;Autofill forms with saved profiles&quot;,&quot;creator&quot;:null,&quot;homepageURL&quot;:null},&quot;visible&quot;:true,&quot;active&quot;:false,&quot;userDisabled&quot;:false,&quot;appDisabled&quot;:false,&quot;installDate&quot;:1528407176000,&quot;updateDate&quot;:1528407176000,&quot;applyBackgroundUpdates&quot;:1,&quot;bootstrap&quot;:true,&quot;path&quot;:&quot;/usr/lib/firefox/browser/features/formautofill@mozilla.org.xpi&quot;,&quot;skinnable&quot;:false,&quot;size&quot;:457534,&quot;sourceURI&quot;:null,&quot;releaseNotesURI&quot;:null,&quot;softDisabled&quot;:false,&quot;foreignInstall&quot;:false,&quot;strictCompatibility&quot;:false,&quot;locales&quot;:[],&quot;targetApplications&quot;:[{&quot;id&quot;:&quot;{ec8030f7-c20a-464f-9b0e-13a3a9e97384}&quot;,&quot;minVersion&quot;:&quot;60.0.2&quot;,&quot;maxVersion&quot;:&quot;60.*&quot;}],&quot;targetPlatforms&quot;:[],&quot;multiprocessCompatible&quot;:true,&quot;seen&quot;:true,&quot;dependencies&quot;:[],&quot;hasEmbeddedWebExtension&quot;:false,&quot;mpcOptedOut&quot;:false,&quot;userPermissions&quot;:null,&quot;icons&quot;:{},&quot;iconURL&quot;:null,&quot;icon64URL&quot;:null,&quot;blocklistState&quot;:0,&quot;blocklistURL&quot;:null,&quot;startupData&quot;:null}
1529138190113	addons.manager	DEBUG	Registering startup change &apos;installed&apos; for onboarding@mozilla.org
1529138190115	addons.xpi	DEBUG	Loading bootstrap scope from /usr/lib/firefox/browser/features/onboarding@mozilla.org.xpi
1529138190118	addons.xpi	DEBUG	Calling bootstrap method install on onboarding@mozilla.org version 1.0
1529138190119	addons.xpi-utils	DEBUG	Make addon app-system-defaults:onboarding@mozilla.org visible
1529138190119	addons.xpi	DEBUG	Updating XPIState for {&quot;id&quot;:&quot;onboarding@mozilla.org&quot;,&quot;syncGUID&quot;:&quot;{aae1202b-fb33-4d32-ba1b-7dc501c1004e}&quot;,&quot;location&quot;:&quot;app-system-defaults&quot;,&quot;version&quot;:&quot;1.0&quot;,&quot;type&quot;:&quot;extension&quot;,&quot;internalName&quot;:null,&quot;updateURL&quot;:null,&quot;updateKey&quot;:null,&quot;optionsURL&quot;:null,&quot;optionsType&quot;:null,&quot;aboutURL&quot;:null,&quot;defaultLocale&quot;:{&quot;name&quot;:&quot;Photon onboarding&quot;,&quot;description&quot;:&quot;Photon onboarding&quot;,&quot;creator&quot;:null,&quot;homepageURL&quot;:null},&quot;visible&quot;:true,&quot;active&quot;:false,&quot;userDisabled&quot;:false,&quot;appDisabled&quot;:false,&quot;installDate&quot;:1528407176000,&quot;updateDate&quot;:1528407176000,&quot;applyBackgroundUpdates&quot;:1,&quot;bootstrap&quot;:true,&quot;path&quot;:&quot;/usr/lib/firefox/browser/features/onboarding@mozilla.org.xpi&quot;,&quot;skinnable&quot;:false,&quot;size&quot;:562340,&quot;sourceURI&quot;:null,&quot;releaseNotesURI&quot;:null,&quot;softDisabled&quot;:false,&quot;foreignInstall&quot;:false,&quot;strictCompatibility&quot;:false,&quot;locales&quot;:[],&quot;targetApplications&quot;:[{&quot;id&quot;:&quot;{ec8030f7-c20a-464f-9b0e-13a3a9e97384}&quot;,&quot;minVersion&quot;:&quot;60.0.2&quot;,&quot;maxVersion&quot;:&quot;60.*&quot;}],&quot;targetPlatforms&quot;:[],&quot;multiprocessCompatible&quot;:true,&quot;seen&quot;:true,&quot;dependencies&quot;:[],&quot;hasEmbeddedWebExtension&quot;:false,&quot;mpcOptedOut&quot;:false,&quot;userPermissions&quot;:null,&quot;icons&quot;:{},&quot;iconURL&quot;:null,&quot;icon64URL&quot;:null,&quot;blocklistState&quot;:0,&quot;blocklistURL&quot;:null,&quot;startupData&quot;:null}
1529138190120	addons.manager	DEBUG	Registering startup change &apos;installed&apos; for screenshots@mozilla.org
1529138190125	addons.xpi	DEBUG	Loading bootstrap scope from /usr/lib/firefox/browser/features/screenshots@mozilla.org.xpi
1529138190127	addons.xpi	DEBUG	Calling bootstrap method install on screenshots@mozilla.org version 30.1.0
1529138190128	addons.xpi-utils	DEBUG	Make addon app-system-defaults:screenshots@mozilla.org visible
1529138190128	addons.xpi	DEBUG	Updating XPIState for {&quot;id&quot;:&quot;screenshots@mozilla.org&quot;,&quot;syncGUID&quot;:&quot;{09a9fbd9-2c95-4f24-9a9f-378e3581b579}&quot;,&quot;location&quot;:&quot;app-system-defaults&quot;,&quot;version&quot;:&quot;30.1.0&quot;,&quot;type&quot;:&quot;extension&quot;,&quot;internalName&quot;:null,&quot;updateURL&quot;:null,&quot;updateKey&quot;:null,&quot;optionsURL&quot;:null,&quot;optionsType&quot;:null,&quot;aboutURL&quot;:null,&quot;defaultLocale&quot;:{&quot;name&quot;:&quot;Firefox Screenshots&quot;,&quot;description&quot;:null,&quot;creator&quot;:null,&quot;homepageURL&quot;:&quot;https://screenshots.firefox.com/&quot;},&quot;visible&quot;:true,&quot;active&quot;:false,&quot;userDisabled&quot;:false,&quot;appDisabled&quot;:false,&quot;installDate&quot;:1528407176000,&quot;updateDate&quot;:1528407176000,&quot;applyBackgroundUpdates&quot;:1,&quot;bootstrap&quot;:true,&quot;path&quot;:&quot;/usr/lib/firefox/browser/features/screenshots@mozilla.org.xpi&quot;,&quot;skinnable&quot;:false,&quot;size&quot;:1043087,&quot;sourceURI&quot;:null,&quot;releaseNotesURI&quot;:null,&quot;softDisabled&quot;:false,&quot;foreignInstall&quot;:false,&quot;strictCompatibility&quot;:false,&quot;locales&quot;:[],&quot;targetApplications&quot;:[{&quot;id&quot;:&quot;{ec8030f7-c20a-464f-9b0e-13a3a9e97384}&quot;,&quot;minVersion&quot;:&quot;57.0a1&quot;,&quot;maxVersion&quot;:&quot;*&quot;}],&quot;targetPlatforms&quot;:[],&quot;multiprocessCompatible&quot;:true,&quot;seen&quot;:true,&quot;dependencies&quot;:[],&quot;hasEmbeddedWebExtension&quot;:false,&quot;mpcOptedOut&quot;:false,&quot;userPermissions&quot;:null,&quot;icons&quot;:{},&quot;iconURL&quot;:null,&quot;icon64URL&quot;:null,&quot;blocklistState&quot;:0,&quot;blocklistURL&quot;:null,&quot;startupData&quot;:null}
1529138190129	addons.manager	DEBUG	Registering startup change &apos;installed&apos; for webcompat@mozilla.org
1529138190130	addons.xpi	DEBUG	Loading bootstrap scope from /usr/lib/firefox/browser/features/webcompat@mozilla.org.xpi
1529138190134	addons.xpi	DEBUG	Calling bootstrap method install on webcompat@mozilla.org version 1.1
1529138190134	addons.xpi-utils	DEBUG	Make addon app-system-defaults:webcompat@mozilla.org visible
1529138190134	addons.xpi	DEBUG	Updating XPIState for {&quot;id&quot;:&quot;webcompat@mozilla.org&quot;,&quot;syncGUID&quot;:&quot;{649e928e-a9f7-447b-884e-0658173a4527}&quot;,&quot;location&quot;:&quot;app-system-defaults&quot;,&quot;version&quot;:&quot;1.1&quot;,&quot;type&quot;:&quot;extension&quot;,&quot;internalName&quot;:null,&quot;updateURL&quot;:null,&quot;updateKey&quot;:null,&quot;optionsURL&quot;:null,&quot;optionsType&quot;:null,&quot;aboutURL&quot;:null,&quot;defaultLocale&quot;:{&quot;name&quot;:&quot;Web Compat&quot;,&quot;description&quot;:&quot;Urgent post-release fixes for web compatibility.&quot;,&quot;creator&quot;:null,&quot;homepageURL&quot;:null},&quot;visible&quot;:true,&quot;active&quot;:false,&quot;userDisabled&quot;:false,&quot;appDisabled&quot;:false,&quot;installDate&quot;:1528407176000,&quot;updateDate&quot;:1528407176000,&quot;applyBackgroundUpdates&quot;:1,&quot;bootstrap&quot;:true,&quot;path&quot;:&quot;/usr/lib/firefox/browser/features/webcompat@mozilla.org.xpi&quot;,&quot;skinnable&quot;:false,&quot;size&quot;:9137,&quot;sourceURI&quot;:null,&quot;releaseNotesURI&quot;:null,&quot;softDisabled&quot;:false,&quot;foreignInstall&quot;:false,&quot;strictCompatibility&quot;:false,&quot;locales&quot;:[],&quot;targetApplications&quot;:[{&quot;id&quot;:&quot;{ec8030f7-c20a-464f-9b0e-13a3a9e97384}&quot;,&quot;minVersion&quot;:&quot;60.0.2&quot;,&quot;maxVersion&quot;:&quot;60.*&quot;}],&quot;targetPlatforms&quot;:[],&quot;multiprocessCompatible&quot;:true,&quot;seen&quot;:true,&quot;dependencies&quot;:[],&quot;hasEmbeddedWebExtension&quot;:false,&quot;mpcOptedOut&quot;:false,&quot;userPermissions&quot;:null,&quot;icons&quot;:{},&quot;iconURL&quot;:null,&quot;icon64URL&quot;:null,&quot;blocklistState&quot;:0,&quot;blocklistURL&quot;:null,&quot;startupData&quot;:null}
1529138190134	addons.manager	DEBUG	Registering startup change &apos;installed&apos; for langpack-en-GB@firefox.mozilla.org
1529138190136	addons.manager	DEBUG	Registering startup change &apos;installed&apos; for langpack-en-GB@firefox.mozilla.org
1529138190137	addons.xpi	DEBUG	Loading bootstrap scope from /usr/lib/firefox/browser/extensions/langpack-en-GB@firefox.mozilla.org.xpi
1529138190137	addons.xpi	DEBUG	Calling bootstrap method install on langpack-en-GB@firefox.mozilla.org version 60.0
1529138190137	addons.xpi-utils	DEBUG	Make addon app-global:langpack-en-GB@firefox.mozilla.org visible
1529138190137	addons.xpi	DEBUG	Updating XPIState for {&quot;id&quot;:&quot;langpack-en-GB@firefox.mozilla.org&quot;,&quot;syncGUID&quot;:&quot;{5c553f55-2808-4878-9888-0cd07785ed79}&quot;,&quot;location&quot;:&quot;app-global&quot;,&quot;version&quot;:&quot;60.0&quot;,&quot;type&quot;:&quot;webextension-langpack&quot;,&quot;internalName&quot;:null,&quot;updateURL&quot;:null,&quot;updateKey&quot;:null,&quot;optionsURL&quot;:null,&quot;optionsType&quot;:null,&quot;optionsBrowserStyle&quot;:true,&quot;aboutURL&quot;:null,&quot;defaultLocale&quot;:{&quot;name&quot;:&quot;English (GB) Language Pack&quot;,&quot;description&quot;:&quot;Language pack for Firefox for en-GB&quot;,&quot;creator&quot;:&quot;Mark Tyndall (contributors: David Bartlett, Constantine Murenin, Ian Neal)&quot;,&quot;developers&quot;:null,&quot;translators&quot;:null,&quot;contributors&quot;:null},&quot;visible&quot;:true,&quot;active&quot;:false,&quot;userDisabled&quot;:false,&quot;appDisabled&quot;:false,&quot;installDate&quot;:1528407527000,&quot;updateDate&quot;:1528407527000,&quot;applyBackgroundUpdates&quot;:1,&quot;bootstrap&quot;:true,&quot;path&quot;:&quot;/usr/lib/firefox/browser/extensions/langpack-en-GB@firefox.mozilla.org.xpi&quot;,&quot;skinnable&quot;:false,&quot;size&quot;:1317690,&quot;sourceURI&quot;:null,&quot;releaseNotesURI&quot;:null,&quot;softDisabled&quot;:false,&quot;foreignInstall&quot;:true,&quot;strictCompatibility&quot;:true,&quot;locales&quot;:[],&quot;targetApplications&quot;:[{&quot;id&quot;:&quot;toolkit@mozilla.org&quot;,&quot;minVersion&quot;:&quot;60.0&quot;,&quot;maxVersion&quot;:&quot;60.*&quot;}],&quot;targetPlatforms&quot;:[],&quot;multiprocessCompatible&quot;:true,&quot;signedState&quot;:0,&quot;seen&quot;:true,&quot;dependencies&quot;:[],&quot;hasEmbeddedWebExtension&quot;:false,&quot;userPermissions&quot;:null,&quot;icons&quot;:{},&quot;iconURL&quot;:null,&quot;icon64URL&quot;:null,&quot;blocklistState&quot;:0,&quot;blocklistURL&quot;:null,&quot;startupData&quot;:{&quot;chromeEntries&quot;:[[&quot;locale&quot;,&quot;necko&quot;,&quot;en-GB&quot;,&quot;chrome/en-GB/locale/en-GB/necko/&quot;],[&quot;locale&quot;,&quot;pdf.js&quot;,&quot;en-GB&quot;,&quot;browser/chrome/en-GB/locale/pdfviewer/&quot;],[&quot;locale&quot;,&quot;global&quot;,&quot;en-GB&quot;,&quot;chrome/en-GB/locale/en-GB/global/&quot;],[&quot;locale&quot;,&quot;onboarding&quot;,&quot;en-GB&quot;,&quot;browser/features/onboarding@mozilla.org/en-GB/locale/en-GB/&quot;],[&quot;locale&quot;,&quot;devtools&quot;,&quot;en-GB&quot;,&quot;browser/chrome/en-GB/locale/en-GB/devtools/client/&quot;],[&quot;locale&quot;,&quot;pipnss&quot;,&quot;en-GB&quot;,&quot;chrome/en-GB/locale/en-GB/pipnss/&quot;],[&quot;locale&quot;,&quot;devtools-shim&quot;,&quot;en-GB&quot;,&quot;browser/chrome/en-GB/locale/en-GB/devtools/shim/&quot;],[&quot;locale&quot;,&quot;alerts&quot;,&quot;en-GB&quot;,&quot;chrome/en-GB/locale/en-GB/alerts/&quot;],[&quot;locale&quot;,&quot;branding&quot;,&quot;en-GB&quot;,&quot;browser/chrome/en-GB/locale/branding/&quot;],[&quot;locale&quot;,&quot;autoconfig&quot;,&quot;en-GB&quot;,&quot;chrome/en-GB/locale/en-GB/autoconfig/&quot;],[&quot;locale&quot;,&quot;devtools-shared&quot;,&quot;en-GB&quot;,&quot;browser/chrome/en-GB/locale/en-GB/devtools/shared/&quot;],[&quot;locale&quot;,&quot;global-platform&quot;,&quot;en-GB&quot;,&quot;chrome/en-GB/locale/en-GB/global-platform/unix/&quot;],[&quot;locale&quot;,&quot;browser-region&quot;,&quot;en-GB&quot;,&quot;browser/chrome/en-GB/locale/browser-region/&quot;],[&quot;locale&quot;,&quot;mozapps&quot;,&quot;en-GB&quot;,&quot;chrome/en-GB/locale/en-GB/mozapps/&quot;],[&quot;locale&quot;,&quot;pluginproblem&quot;,&quot;en-GB&quot;,&quot;chrome/en-GB/locale/en-GB/pluginproblem/&quot;],[&quot;locale&quot;,&quot;formautofill&quot;,&quot;en-GB&quot;,&quot;browser/features/formautofill@mozilla.org/en-GB/locale/en-GB/&quot;],[&quot;locale&quot;,&quot;weave&quot;,&quot;en-GB&quot;,&quot;chrome/en-GB/locale/en-GB/services/&quot;],[&quot;locale&quot;,&quot;pocket&quot;,&quot;en-GB&quot;,&quot;browser/features/firefox@getpocket.com/en-GB/locale/en-GB/&quot;],[&quot;locale&quot;,&quot;places&quot;,&quot;en-GB&quot;,&quot;chrome/en-GB/locale/en-GB/places/&quot;],[&quot;locale&quot;,&quot;passwordmgr&quot;,&quot;en-GB&quot;,&quot;chrome/en-GB/locale/en-GB/passwordmgr/&quot;],[&quot;locale&quot;,&quot;pippki&quot;,&quot;en-GB&quot;,&quot;chrome/en-GB/locale/en-GB/pippki/&quot;],[&quot;locale&quot;,&quot;browser&quot;,&quot;en-GB&quot;,&quot;browser/chrome/en-GB/locale/browser/&quot;]],&quot;langpackId&quot;:&quot;langpack-en-GB-browser&quot;,&quot;l10nRegistrySources&quot;:{&quot;browser&quot;:&quot;browser/&quot;},&quot;languages&quot;:[&quot;en-GB&quot;]}}
1529138190138	addons.manager	DEBUG	Registering startup change &apos;installed&apos; for langpack-en-ZA@firefox.mozilla.org
1529138190138	addons.manager	DEBUG	Registering startup change &apos;installed&apos; for langpack-en-ZA@firefox.mozilla.org
1529138190138	addons.xpi	DEBUG	Loading bootstrap scope from /usr/lib/firefox/browser/extensions/langpack-en-ZA@firefox.mozilla.org.xpi
1529138190138	addons.xpi	DEBUG	Calling bootstrap method install on langpack-en-ZA@firefox.mozilla.org version 60.0
1529138190139	addons.xpi-utils	DEBUG	Make addon app-global:langpack-en-ZA@firefox.mozilla.org visible
1529138190139	addons.xpi	DEBUG	Updating XPIState for {&quot;id&quot;:&quot;langpack-en-ZA@firefox.mozilla.org&quot;,&quot;syncGUID&quot;:&quot;{50f259d6-9781-4e82-85fa-d84cefb825b8}&quot;,&quot;location&quot;:&quot;app-global&quot;,&quot;version&quot;:&quot;60.0&quot;,&quot;type&quot;:&quot;webextension-langpack&quot;,&quot;internalName&quot;:null,&quot;updateURL&quot;:null,&quot;updateKey&quot;:null,&quot;optionsURL&quot;:null,&quot;optionsType&quot;:null,&quot;optionsBrowserStyle&quot;:true,&quot;aboutURL&quot;:null,&quot;defaultLocale&quot;:{&quot;name&quot;:&quot;English (South Africa) Language Pack&quot;,&quot;description&quot;:&quot;Language pack for Firefox for en-ZA&quot;,&quot;creator&quot;:&quot;Translate.org.za (contributors: Translate.org.za, Dwayne Bailey)&quot;,&quot;developers&quot;:null,&quot;translators&quot;:null,&quot;contributors&quot;:null},&quot;visible&quot;:true,&quot;active&quot;:false,&quot;userDisabled&quot;:false,&quot;appDisabled&quot;:false,&quot;installDate&quot;:1528407527000,&quot;updateDate&quot;:1528407527000,&quot;applyBackgroundUpdates&quot;:1,&quot;bootstrap&quot;:true,&quot;path&quot;:&quot;/usr/lib/firefox/browser/extensions/langpack-en-ZA@firefox.mozilla.org.xpi&quot;,&quot;skinnable&quot;:false,&quot;size&quot;:1258659,&quot;sourceURI&quot;:null,&quot;releaseNotesURI&quot;:null,&quot;softDisabled&quot;:false,&quot;foreignInstall&quot;:true,&quot;strictCompatibility&quot;:true,&quot;locales&quot;:[],&quot;targetApplications&quot;:[{&quot;id&quot;:&quot;toolkit@mozilla.org&quot;,&quot;minVersion&quot;:&quot;60.0&quot;,&quot;maxVersion&quot;:&quot;60.*&quot;}],&quot;targetPlatforms&quot;:[],&quot;multiprocessCompatible&quot;:true,&quot;signedState&quot;:0,&quot;seen&quot;:true,&quot;dependencies&quot;:[],&quot;hasEmbeddedWebExtension&quot;:false,&quot;userPermissions&quot;:null,&quot;icons&quot;:{},&quot;iconURL&quot;:null,&quot;icon64URL&quot;:null,&quot;blocklistState&quot;:0,&quot;blocklistURL&quot;:null,&quot;startupData&quot;:{&quot;chromeEntries&quot;:[[&quot;locale&quot;,&quot;necko&quot;,&quot;en-ZA&quot;,&quot;chrome/en-ZA/locale/en-ZA/necko/&quot;],[&quot;locale&quot;,&quot;pdf.js&quot;,&quot;en-ZA&quot;,&quot;browser/chrome/en-ZA/locale/pdfviewer/&quot;],[&quot;locale&quot;,&quot;global&quot;,&quot;en-ZA&quot;,&quot;chrome/en-ZA/locale/en-ZA/global/&quot;],[&quot;locale&quot;,&quot;onboarding&quot;,&quot;en-ZA&quot;,&quot;browser/features/onboarding@mozilla.org/en-ZA/locale/en-ZA/&quot;],[&quot;locale&quot;,&quot;devtools&quot;,&quot;en-ZA&quot;,&quot;browser/chrome/en-ZA/locale/en-ZA/devtools/client/&quot;],[&quot;locale&quot;,&quot;pipnss&quot;,&quot;en-ZA&quot;,&quot;chrome/en-ZA/locale/en-ZA/pipnss/&quot;],[&quot;locale&quot;,&quot;devtools-shim&quot;,&quot;en-ZA&quot;,&quot;browser/chrome/en-ZA/locale/en-ZA/devtools/shim/&quot;],[&quot;locale&quot;,&quot;alerts&quot;,&quot;en-ZA&quot;,&quot;chrome/en-ZA/locale/en-ZA/alerts/&quot;],[&quot;locale&quot;,&quot;branding&quot;,&quot;en-ZA&quot;,&quot;browser/chrome/en-ZA/locale/branding/&quot;],[&quot;locale&quot;,&quot;autoconfig&quot;,&quot;en-ZA&quot;,&quot;chrome/en-ZA/locale/en-ZA/autoconfig/&quot;],[&quot;locale&quot;,&quot;devtools-shared&quot;,&quot;en-ZA&quot;,&quot;browser/chrome/en-ZA/locale/en-ZA/devtools/shared/&quot;],[&quot;locale&quot;,&quot;global-platform&quot;,&quot;en-ZA&quot;,&quot;chrome/en-ZA/locale/en-ZA/global-platform/unix/&quot;],[&quot;locale&quot;,&quot;browser-region&quot;,&quot;en-ZA&quot;,&quot;browser/chrome/en-ZA/locale/browser-region/&quot;],[&quot;locale&quot;,&quot;mozapps&quot;,&quot;en-ZA&quot;,&quot;chrome/en-ZA/locale/en-ZA/mozapps/&quot;],[&quot;locale&quot;,&quot;pluginproblem&quot;,&quot;en-ZA&quot;,&quot;chrome/en-ZA/locale/en-ZA/pluginproblem/&quot;],[&quot;locale&quot;,&quot;formautofill&quot;,&quot;en-ZA&quot;,&quot;browser/features/formautofill@mozilla.org/en-ZA/locale/en-ZA/&quot;],[&quot;locale&quot;,&quot;weave&quot;,&quot;en-ZA&quot;,&quot;chrome/en-ZA/locale/en-ZA/services/&quot;],[&quot;locale&quot;,&quot;pocket&quot;,&quot;en-ZA&quot;,&quot;browser/features/firefox@getpocket.com/en-ZA/locale/en-ZA/&quot;],[&quot;locale&quot;,&quot;places&quot;,&quot;en-ZA&quot;,&quot;chrome/en-ZA/locale/en-ZA/places/&quot;],[&quot;locale&quot;,&quot;passwordmgr&quot;,&quot;en-ZA&quot;,&quot;chrome/en-ZA/locale/en-ZA/passwordmgr/&quot;],[&quot;locale&quot;,&quot;pippki&quot;,&quot;en-ZA&quot;,&quot;chrome/en-ZA/locale/en-ZA/pippki/&quot;],[&quot;locale&quot;,&quot;browser&quot;,&quot;en-ZA&quot;,&quot;browser/chrome/en-ZA/locale/browser/&quot;]],&quot;langpackId&quot;:&quot;langpack-en-ZA-browser&quot;,&quot;l10nRegistrySources&quot;:{&quot;browser&quot;:&quot;browser/&quot;},&quot;languages&quot;:[&quot;en-ZA&quot;]}}
1529138190139	addons.manager	DEBUG	Registering startup change &apos;installed&apos; for langpack-fr@firefox.mozilla.org
1529138190139	addons.manager	DEBUG	Registering startup change &apos;installed&apos; for langpack-fr@firefox.mozilla.org
1529138190140	addons.xpi	DEBUG	Loading bootstrap scope from /usr/lib/firefox/browser/extensions/langpack-fr@firefox.mozilla.org.xpi
1529138190140	addons.xpi	DEBUG	Calling bootstrap method install on langpack-fr@firefox.mozilla.org version 60.0
1529138190140	addons.xpi-utils	DEBUG	Make addon app-global:langpack-fr@firefox.mozilla.org visible
1529138190141	addons.xpi	DEBUG	Updating XPIState for {&quot;id&quot;:&quot;langpack-fr@firefox.mozilla.org&quot;,&quot;syncGUID&quot;:&quot;{7e236274-c44b-471c-a4ef-262ccc511c33}&quot;,&quot;location&quot;:&quot;app-global&quot;,&quot;version&quot;:&quot;60.0&quot;,&quot;type&quot;:&quot;webextension-langpack&quot;,&quot;internalName&quot;:null,&quot;updateURL&quot;:null,&quot;updateKey&quot;:null,&quot;optionsURL&quot;:null,&quot;optionsType&quot;:null,&quot;optionsBrowserStyle&quot;:true,&quot;aboutURL&quot;:null,&quot;defaultLocale&quot;:{&quot;name&quot;:&quot;Fran��ais Language Pack&quot;,&quot;description&quot;:&quot;Language pack for Firefox for fr&quot;,&quot;creator&quot;:&quot;mozfr.org (contributors: Vincent B��ron, Th��o Chevalier, C��dric Corazza, Philippe Dessante, Beno��t Leseul, Marie L��ger-St-Jean, Jean-Bernard Marcon, J��r��me Schell)&quot;,&quot;developers&quot;:null,&quot;translators&quot;:null,&quot;contributors&quot;:null},&quot;visible&quot;:true,&quot;active&quot;:false,&quot;userDisabled&quot;:false,&quot;appDisabled&quot;:false,&quot;installDate&quot;:1528407541000,&quot;updateDate&quot;:1528407541000,&quot;applyBackgroundUpdates&quot;:1,&quot;bootstrap&quot;:true,&quot;path&quot;:&quot;/usr/lib/firefox/browser/extensions/langpack-fr@firefox.mozilla.org.xpi&quot;,&quot;skinnable&quot;:false,&quot;size&quot;:1441521,&quot;sourceURI&quot;:null,&quot;releaseNotesURI&quot;:null,&quot;softDisabled&quot;:false,&quot;foreignInstall&quot;:true,&quot;strictCompatibility&quot;:true,&quot;locales&quot;:[],&quot;targetApplications&quot;:[{&quot;id&quot;:&quot;toolkit@mozilla.org&quot;,&quot;minVersion&quot;:&quot;60.0&quot;,&quot;maxVersion&quot;:&quot;60.*&quot;}],&quot;targetPlatforms&quot;:[],&quot;multiprocessCompatible&quot;:true,&quot;signedState&quot;:0,&quot;seen&quot;:true,&quot;dependencies&quot;:[],&quot;hasEmbeddedWebExtension&quot;:false,&quot;userPermissions&quot;:null,&quot;icons&quot;:{},&quot;iconURL&quot;:null,&quot;icon64URL&quot;:null,&quot;blocklistState&quot;:0,&quot;blocklistURL&quot;:null,&quot;startupData&quot;:{&quot;chromeEntries&quot;:[[&quot;locale&quot;,&quot;necko&quot;,&quot;fr&quot;,&quot;chrome/fr/locale/fr/necko/&quot;],[&quot;locale&quot;,&quot;pdf.js&quot;,&quot;fr&quot;,&quot;browser/chrome/fr/locale/pdfviewer/&quot;],[&quot;locale&quot;,&quot;global&quot;,&quot;fr&quot;,&quot;chrome/fr/locale/fr/global/&quot;],[&quot;locale&quot;,&quot;onboarding&quot;,&quot;fr&quot;,&quot;browser/features/onboarding@mozilla.org/fr/locale/fr/&quot;],[&quot;locale&quot;,&quot;devtools&quot;,&quot;fr&quot;,&quot;browser/chrome/fr/locale/fr/devtools/client/&quot;],[&quot;locale&quot;,&quot;pipnss&quot;,&quot;fr&quot;,&quot;chrome/fr/locale/fr/pipnss/&quot;],[&quot;locale&quot;,&quot;devtools-shim&quot;,&quot;fr&quot;,&quot;browser/chrome/fr/locale/fr/devtools/shim/&quot;],[&quot;locale&quot;,&quot;alerts&quot;,&quot;fr&quot;,&quot;chrome/fr/locale/fr/alerts/&quot;],[&quot;locale&quot;,&quot;branding&quot;,&quot;fr&quot;,&quot;browser/chrome/fr/locale/branding/&quot;],[&quot;locale&quot;,&quot;autoconfig&quot;,&quot;fr&quot;,&quot;chrome/fr/locale/fr/autoconfig/&quot;],[&quot;locale&quot;,&quot;devtools-shared&quot;,&quot;fr&quot;,&quot;browser/chrome/fr/locale/fr/devtools/shared/&quot;],[&quot;locale&quot;,&quot;global-platform&quot;,&quot;fr&quot;,&quot;chrome/fr/locale/fr/global-platform/unix/&quot;],[&quot;locale&quot;,&quot;browser-region&quot;,&quot;fr&quot;,&quot;browser/chrome/fr/locale/browser-region/&quot;],[&quot;locale&quot;,&quot;mozapps&quot;,&quot;fr&quot;,&quot;chrome/fr/locale/fr/mozapps/&quot;],[&quot;locale&quot;,&quot;pluginproblem&quot;,&quot;fr&quot;,&quot;chrome/fr/locale/fr/pluginproblem/&quot;],[&quot;locale&quot;,&quot;formautofill&quot;,&quot;fr&quot;,&quot;browser/features/formautofill@mozilla.org/fr/locale/fr/&quot;],[&quot;locale&quot;,&quot;weave&quot;,&quot;fr&quot;,&quot;chrome/fr/locale/fr/services/&quot;],[&quot;locale&quot;,&quot;pocket&quot;,&quot;fr&quot;,&quot;browser/features/firefox@getpocket.com/fr/locale/fr/&quot;],[&quot;locale&quot;,&quot;places&quot;,&quot;fr&quot;,&quot;chrome/fr/locale/fr/places/&quot;],[&quot;locale&quot;,&quot;passwordmgr&quot;,&quot;fr&quot;,&quot;chrome/fr/locale/fr/passwordmgr/&quot;],[&quot;locale&quot;,&quot;pippki&quot;,&quot;fr&quot;,&quot;chrome/fr/locale/fr/pippki/&quot;],[&quot;locale&quot;,&quot;browser&quot;,&quot;fr&quot;,&quot;browser/chrome/fr/locale/browser/&quot;]],&quot;langpackId&quot;:&quot;langpack-fr-browser&quot;,&quot;l10nRegistrySources&quot;:{&quot;browser&quot;:&quot;browser/&quot;},&quot;languages&quot;:[&quot;fr&quot;]}}
1529138190142	addons.xpi-utils	DEBUG	Make addon app-global:{972ce4c6-7e08-4474-a285-3208198ce6fd} visible
1529138190142	addons.xpi	DEBUG	Updating XPIState for {&quot;id&quot;:&quot;{972ce4c6-7e08-4474-a285-3208198ce6fd}&quot;,&quot;syncGUID&quot;:&quot;{075bbe16-7927-4c38-8e21-3d99c0232706}&quot;,&quot;location&quot;:&quot;app-global&quot;,&quot;version&quot;:&quot;60.0.2&quot;,&quot;type&quot;:&quot;theme&quot;,&quot;internalName&quot;:&quot;classic/1.0&quot;,&quot;updateURL&quot;:null,&quot;updateKey&quot;:null,&quot;optionsURL&quot;:null,&quot;optionsType&quot;:null,&quot;optionsBrowserStyle&quot;:null,&quot;aboutURL&quot;:null,&quot;defaultLocale&quot;:{&quot;name&quot;:&quot;Default&quot;,&quot;description&quot;:&quot;The default theme.&quot;,&quot;creator&quot;:&quot;Mozilla&quot;,&quot;homepageURL&quot;:null,&quot;contributors&quot;:[&quot;Mozilla Contributors&quot;]},&quot;visible&quot;:true,&quot;active&quot;:false,&quot;userDisabled&quot;:false,&quot;appDisabled&quot;:false,&quot;installDate&quot;:1528407176000,&quot;updateDate&quot;:1528407176000,&quot;applyBackgroundUpdates&quot;:1,&quot;path&quot;:&quot;/usr/lib/firefox/browser/extensions/{972ce4c6-7e08-4474-a285-3208198ce6fd}.xpi&quot;,&quot;skinnable&quot;:true,&quot;size&quot;:1907,&quot;sourceURI&quot;:null,&quot;releaseNotesURI&quot;:null,&quot;softDisabled&quot;:false,&quot;foreignInstall&quot;:false,&quot;strictCompatibility&quot;:true,&quot;locales&quot;:[],&quot;targetApplications&quot;:[{&quot;id&quot;:&quot;{ec8030f7-c20a-464f-9b0e-13a3a9e97384}&quot;,&quot;minVersion&quot;:&quot;60.0.2&quot;,&quot;maxVersion&quot;:&quot;60.0.2&quot;}],&quot;targetPlatforms&quot;:[],&quot;seen&quot;:true,&quot;dependencies&quot;:[],&quot;hasEmbeddedWebExtension&quot;:false,&quot;userPermissions&quot;:null,&quot;icons&quot;:{},&quot;iconURL&quot;:&quot;chrome://browser/content/default-theme-icon.svg&quot;,&quot;icon64URL&quot;:null,&quot;blocklistState&quot;:0,&quot;blocklistURL&quot;:null,&quot;startupData&quot;:null}
1529138190143	addons.xpi	DEBUG	Updating XPIState for {&quot;id&quot;:&quot;activity-stream@mozilla.org&quot;,&quot;syncGUID&quot;:&quot;{2c643c35-c138-4cf0-a457-8d051b80a7be}&quot;,&quot;location&quot;:&quot;app-system-defaults&quot;,&quot;version&quot;:&quot;2018.04.20.1103-b3b95672&quot;,&quot;type&quot;:&quot;extension&quot;,&quot;internalName&quot;:null,&quot;updateURL&quot;:null,&quot;updateKey&quot;:null,&quot;optionsURL&quot;:null,&quot;optionsType&quot;:null,&quot;aboutURL&quot;:null,&quot;defaultLocale&quot;:{&quot;name&quot;:&quot;Activity Stream&quot;,&quot;description&quot;:&quot;A rich visual history feed and a reimagined home page make it easier than ever to find exactly what you&apos;re looking for in Firefox.&quot;,&quot;creator&quot;:null,&quot;homepageURL&quot;:null},&quot;visible&quot;:true,&quot;active&quot;:true,&quot;userDisabled&quot;:false,&quot;appDisabled&quot;:false,&quot;installDate&quot;:1528407176000,&quot;updateDate&quot;:1528407176000,&quot;applyBackgroundUpdates&quot;:1,&quot;bootstrap&quot;:true,&quot;path&quot;:&quot;/usr/lib/firefox/browser/features/activity-stream@mozilla.org.xpi&quot;,&quot;skinnable&quot;:false,&quot;size&quot;:2536973,&quot;sourceURI&quot;:null,&quot;releaseNotesURI&quot;:null,&quot;softDisabled&quot;:false,&quot;foreignInstall&quot;:false,&quot;strictCompatibility&quot;:false,&quot;locales&quot;:[],&quot;targetApplications&quot;:[{&quot;id&quot;:&quot;{ec8030f7-c20a-464f-9b0e-13a3a9e97384}&quot;,&quot;minVersion&quot;:&quot;60.0.2&quot;,&quot;maxVersion&quot;:&quot;60.*&quot;}],&quot;targetPlatforms&quot;:[],&quot;multiprocessCompatible&quot;:true,&quot;seen&quot;:true,&quot;dependencies&quot;:[],&quot;hasEmbeddedWebExtension&quot;:false,&quot;mpcOptedOut&quot;:false,&quot;userPermissions&quot;:null,&quot;icons&quot;:{},&quot;iconURL&quot;:null,&quot;icon64URL&quot;:null,&quot;blocklistState&quot;:0,&quot;blocklistURL&quot;:null,&quot;startupData&quot;:null}
1529138190143	addons.xpi	DEBUG	Updating XPIState for {&quot;id&quot;:&quot;aushelper@mozilla.org&quot;,&quot;syncGUID&quot;:&quot;{d62bd408-3831-4bc6-a42c-ec88550a7cef}&quot;,&quot;location&quot;:&quot;app-system-defaults&quot;,&quot;version&quot;:&quot;2.0&quot;,&quot;type&quot;:&quot;extension&quot;,&quot;internalName&quot;:null,&quot;updateURL&quot;:null,&quot;updateKey&quot;:null,&quot;optionsURL&quot;:null,&quot;optionsType&quot;:null,&quot;aboutURL&quot;:null,&quot;defaultLocale&quot;:{&quot;name&quot;:&quot;Application Update Service Helper&quot;,&quot;description&quot;:&quot;Sets value(s) in the update url based on custom checks.&quot;,&quot;creator&quot;:null,&quot;homepageURL&quot;:null},&quot;visible&quot;:true,&quot;active&quot;:true,&quot;userDisabled&quot;:false,&quot;appDisabled&quot;:false,&quot;installDate&quot;:1528407176000,&quot;updateDate&quot;:1528407176000,&quot;applyBackgroundUpdates&quot;:1,&quot;bootstrap&quot;:true,&quot;path&quot;:&quot;/usr/lib/firefox/browser/features/aushelper@mozilla.org.xpi&quot;,&quot;skinnable&quot;:false,&quot;size&quot;:8425,&quot;sourceURI&quot;:null,&quot;releaseNotesURI&quot;:null,&quot;softDisabled&quot;:false,&quot;foreignInstall&quot;:false,&quot;strictCompatibility&quot;:false,&quot;locales&quot;:[],&quot;targetApplications&quot;:[{&quot;id&quot;:&quot;{ec8030f7-c20a-464f-9b0e-13a3a9e97384}&quot;,&quot;minVersion&quot;:&quot;60.0.2&quot;,&quot;maxVersion&quot;:&quot;60.*&quot;}],&quot;targetPlatforms&quot;:[],&quot;multiprocessCompatible&quot;:true,&quot;seen&quot;:true,&quot;dependencies&quot;:[],&quot;hasEmbeddedWebExtension&quot;:false,&quot;mpcOptedOut&quot;:false,&quot;userPermissions&quot;:null,&quot;icons&quot;:{},&quot;iconURL&quot;:null,&quot;icon64URL&quot;:null,&quot;blocklistState&quot;:0,&quot;blocklistURL&quot;:null,&quot;startupData&quot;:null}
1529138190143	addons.xpi	DEBUG	Updating XPIState for {&quot;id&quot;:&quot;firefox@getpocket.com&quot;,&quot;syncGUID&quot;:&quot;{02f4762f-323b-43bf-b9b2-429babd226ed}&quot;,&quot;location&quot;:&quot;app-system-defaults&quot;,&quot;version&quot;:&quot;1.0.5&quot;,&quot;type&quot;:&quot;extension&quot;,&quot;internalName&quot;:null,&quot;updateURL&quot;:null,&quot;updateKey&quot;:null,&quot;optionsURL&quot;:null,&quot;optionsType&quot;:null,&quot;aboutURL&quot;:null,&quot;defaultLocale&quot;:{&quot;name&quot;:&quot;Pocket&quot;,&quot;description&quot;:&quot;When you find something you want to view later, put it in Pocket.&quot;,&quot;creator&quot;:null,&quot;homepageURL&quot;:null},&quot;visible&quot;:true,&quot;active&quot;:true,&quot;userDisabled&quot;:false,&quot;appDisabled&quot;:false,&quot;installDate&quot;:1528407176000,&quot;updateDate&quot;:1528407176000,&quot;applyBackgroundUpdates&quot;:1,&quot;bootstrap&quot;:true,&quot;path&quot;:&quot;/usr/lib/firefox/browser/features/firefox@getpocket.com.xpi&quot;,&quot;skinnable&quot;:false,&quot;size&quot;:856017,&quot;sourceURI&quot;:null,&quot;releaseNotesURI&quot;:null,&quot;softDisabled&quot;:false,&quot;foreignInstall&quot;:false,&quot;strictCompatibility&quot;:false,&quot;locales&quot;:[],&quot;targetApplications&quot;:[{&quot;id&quot;:&quot;{ec8030f7-c20a-464f-9b0e-13a3a9e97384}&quot;,&quot;minVersion&quot;:&quot;60.0.2&quot;,&quot;maxVersion&quot;:&quot;60.*&quot;}],&quot;targetPlatforms&quot;:[],&quot;multiprocessCompatible&quot;:true,&quot;seen&quot;:true,&quot;dependencies&quot;:[],&quot;hasEmbeddedWebExtension&quot;:false,&quot;mpcOptedOut&quot;:false,&quot;userPermissions&quot;:null,&quot;icons&quot;:{},&quot;iconURL&quot;:null,&quot;icon64URL&quot;:null,&quot;blocklistState&quot;:0,&quot;blocklistURL&quot;:null,&quot;startupData&quot;:null}
1529138190143	addons.xpi	DEBUG	Updating XPIState for {&quot;id&quot;:&quot;followonsearch@mozilla.com&quot;,&quot;syncGUID&quot;:&quot;{e4df10ee-0de7-477d-91c9-da365890406f}&quot;,&quot;location&quot;:&quot;app-system-defaults&quot;,&quot;version&quot;:&quot;0.9.6&quot;,&quot;type&quot;:&quot;extension&quot;,&quot;internalName&quot;:null,&quot;updateURL&quot;:null,&quot;updateKey&quot;:null,&quot;optionsURL&quot;:null,&quot;optionsType&quot;:null,&quot;aboutURL&quot;:null,&quot;defaultLocale&quot;:{&quot;name&quot;:&quot;Follow-on Search Telemetry&quot;,&quot;description&quot;:null,&quot;creator&quot;:null,&quot;homepageURL&quot;:null},&quot;visible&quot;:true,&quot;active&quot;:true,&quot;userDisabled&quot;:false,&quot;appDisabled&quot;:false,&quot;installDate&quot;:1528407176000,&quot;updateDate&quot;:1528407176000,&quot;applyBackgroundUpdates&quot;:1,&quot;bootstrap&quot;:true,&quot;path&quot;:&quot;/usr/lib/firefox/browser/features/followonsearch@mozilla.com.xpi&quot;,&quot;skinnable&quot;:false,&quot;size&quot;:18539,&quot;sourceURI&quot;:null,&quot;releaseNotesURI&quot;:null,&quot;softDisabled&quot;:false,&quot;foreignInstall&quot;:false,&quot;strictCompatibility&quot;:false,&quot;locales&quot;:[],&quot;targetApplications&quot;:[{&quot;id&quot;:&quot;{ec8030f7-c20a-464f-9b0e-13a3a9e97384}&quot;,&quot;minVersion&quot;:&quot;52.0&quot;,&quot;maxVersion&quot;:&quot;66.*&quot;}],&quot;targetPlatforms&quot;:[],&quot;multiprocessCompatible&quot;:true,&quot;seen&quot;:true,&quot;dependencies&quot;:[],&quot;hasEmbeddedWebExtension&quot;:false,&quot;mpcOptedOut&quot;:false,&quot;userPermissions&quot;:null,&quot;icons&quot;:{},&quot;iconURL&quot;:null,&quot;icon64URL&quot;:null,&quot;blocklistState&quot;:0,&quot;blocklistURL&quot;:null,&quot;startupData&quot;:null}
1529138190143	addons.xpi	DEBUG	Updating XPIState for {&quot;id&quot;:&quot;formautofill@mozilla.org&quot;,&quot;syncGUID&quot;:&quot;{f670868c-47dd-4227-aad6-3b7b75f79606}&quot;,&quot;location&quot;:&quot;app-system-defaults&quot;,&quot;version&quot;:&quot;1.0&quot;,&quot;type&quot;:&quot;extension&quot;,&quot;internalName&quot;:null,&quot;updateURL&quot;:null,&quot;updateKey&quot;:null,&quot;optionsURL&quot;:null,&quot;optionsType&quot;:null,&quot;aboutURL&quot;:null,&quot;defaultLocale&quot;:{&quot;name&quot;:&quot;Form Autofill&quot;,&quot;description&quot;:&quot;Autofill forms with saved profiles&quot;,&quot;creator&quot;:null,&quot;homepageURL&quot;:null},&quot;visible&quot;:true,&quot;active&quot;:true,&quot;userDisabled&quot;:false,&quot;appDisabled&quot;:false,&quot;installDate&quot;:1528407176000,&quot;updateDate&quot;:1528407176000,&quot;applyBackgroundUpdates&quot;:1,&quot;bootstrap&quot;:true,&quot;path&quot;:&quot;/usr/lib/firefox/browser/features/formautofill@mozilla.org.xpi&quot;,&quot;skinnable&quot;:false,&quot;size&quot;:457534,&quot;sourceURI&quot;:null,&quot;releaseNotesURI&quot;:null,&quot;softDisabled&quot;:false,&quot;foreignInstall&quot;:false,&quot;strictCompatibility&quot;:false,&quot;locales&quot;:[],&quot;targetApplications&quot;:[{&quot;id&quot;:&quot;{ec8030f7-c20a-464f-9b0e-13a3a9e97384}&quot;,&quot;minVersion&quot;:&quot;60.0.2&quot;,&quot;maxVersion&quot;:&quot;60.*&quot;}],&quot;targetPlatforms&quot;:[],&quot;multiprocessCompatible&quot;:true,&quot;seen&quot;:true,&quot;dependencies&quot;:[],&quot;hasEmbeddedWebExtension&quot;:false,&quot;mpcOptedOut&quot;:false,&quot;userPermissions&quot;:null,&quot;icons&quot;:{},&quot;iconURL&quot;:null,&quot;icon64URL&quot;:null,&quot;blocklistState&quot;:0,&quot;blocklistURL&quot;:null,&quot;startupData&quot;:null}
1529138190143	addons.xpi	DEBUG	Updating XPIState for {&quot;id&quot;:&quot;onboarding@mozilla.org&quot;,&quot;syncGUID&quot;:&quot;{aae1202b-fb33-4d32-ba1b-7dc501c1004e}&quot;,&quot;location&quot;:&quot;app-system-defaults&quot;,&quot;version&quot;:&quot;1.0&quot;,&quot;type&quot;:&quot;extension&quot;,&quot;internalName&quot;:null,&quot;updateURL&quot;:null,&quot;updateKey&quot;:null,&quot;optionsURL&quot;:null,&quot;optionsType&quot;:null,&quot;aboutURL&quot;:null,&quot;defaultLocale&quot;:{&quot;name&quot;:&quot;Photon onboarding&quot;,&quot;description&quot;:&quot;Photon onboarding&quot;,&quot;creator&quot;:null,&quot;homepageURL&quot;:null},&quot;visible&quot;:true,&quot;active&quot;:true,&quot;userDisabled&quot;:false,&quot;appDisabled&quot;:false,&quot;installDate&quot;:1528407176000,&quot;updateDate&quot;:1528407176000,&quot;applyBackgroundUpdates&quot;:1,&quot;bootstrap&quot;:true,&quot;path&quot;:&quot;/usr/lib/firefox/browser/features/onboarding@mozilla.org.xpi&quot;,&quot;skinnable&quot;:false,&quot;size&quot;:562340,&quot;sourceURI&quot;:null,&quot;releaseNotesURI&quot;:null,&quot;softDisabled&quot;:false,&quot;foreignInstall&quot;:false,&quot;strictCompatibility&quot;:false,&quot;locales&quot;:[],&quot;targetApplications&quot;:[{&quot;id&quot;:&quot;{ec8030f7-c20a-464f-9b0e-13a3a9e97384}&quot;,&quot;minVersion&quot;:&quot;60.0.2&quot;,&quot;maxVersion&quot;:&quot;60.*&quot;}],&quot;targetPlatforms&quot;:[],&quot;multiprocessCompatible&quot;:true,&quot;seen&quot;:true,&quot;dependencies&quot;:[],&quot;hasEmbeddedWebExtension&quot;:false,&quot;mpcOptedOut&quot;:false,&quot;userPermissions&quot;:null,&quot;icons&quot;:{},&quot;iconURL&quot;:null,&quot;icon64URL&quot;:null,&quot;blocklistState&quot;:0,&quot;blocklistURL&quot;:null,&quot;startupData&quot;:null}
1529138190143	addons.xpi	DEBUG	Updating XPIState for {&quot;id&quot;:&quot;screenshots@mozilla.org&quot;,&quot;syncGUID&quot;:&quot;{09a9fbd9-2c95-4f24-9a9f-378e3581b579}&quot;,&quot;location&quot;:&quot;app-system-defaults&quot;,&quot;version&quot;:&quot;30.1.0&quot;,&quot;type&quot;:&quot;extension&quot;,&quot;internalName&quot;:null,&quot;updateURL&quot;:null,&quot;updateKey&quot;:null,&quot;optionsURL&quot;:null,&quot;optionsType&quot;:null,&quot;aboutURL&quot;:null,&quot;defaultLocale&quot;:{&quot;name&quot;:&quot;Firefox Screenshots&quot;,&quot;description&quot;:null,&quot;creator&quot;:null,&quot;homepageURL&quot;:&quot;https://screenshots.firefox.com/&quot;},&quot;visible&quot;:true,&quot;active&quot;:true,&quot;userDisabled&quot;:false,&quot;appDisabled&quot;:false,&quot;installDate&quot;:1528407176000,&quot;updateDate&quot;:1528407176000,&quot;applyBackgroundUpdates&quot;:1,&quot;bootstrap&quot;:true,&quot;path&quot;:&quot;/usr/lib/firefox/browser/features/screenshots@mozilla.org.xpi&quot;,&quot;skinnable&quot;:false,&quot;size&quot;:1043087,&quot;sourceURI&quot;:null,&quot;releaseNotesURI&quot;:null,&quot;softDisabled&quot;:false,&quot;foreignInstall&quot;:false,&quot;strictCompatibility&quot;:false,&quot;locales&quot;:[],&quot;targetApplications&quot;:[{&quot;id&quot;:&quot;{ec8030f7-c20a-464f-9b0e-13a3a9e97384}&quot;,&quot;minVersion&quot;:&quot;57.0a1&quot;,&quot;maxVersion&quot;:&quot;*&quot;}],&quot;targetPlatforms&quot;:[],&quot;multiprocessCompatible&quot;:true,&quot;seen&quot;:true,&quot;dependencies&quot;:[],&quot;hasEmbeddedWebExtension&quot;:false,&quot;mpcOptedOut&quot;:false,&quot;userPermissions&quot;:null,&quot;icons&quot;:{},&quot;iconURL&quot;:null,&quot;icon64URL&quot;:null,&quot;blocklistState&quot;:0,&quot;blocklistURL&quot;:null,&quot;startupData&quot;:null}
1529138190144	addons.xpi	DEBUG	Updating XPIState for {&quot;id&quot;:&quot;webcompat@mozilla.org&quot;,&quot;syncGUID&quot;:&quot;{649e928e-a9f7-447b-884e-0658173a4527}&quot;,&quot;location&quot;:&quot;app-system-defaults&quot;,&quot;version&quot;:&quot;1.1&quot;,&quot;type&quot;:&quot;extension&quot;,&quot;internalName&quot;:null,&quot;updateURL&quot;:null,&quot;updateKey&quot;:null,&quot;optionsURL&quot;:null,&quot;optionsType&quot;:null,&quot;aboutURL&quot;:null,&quot;defaultLocale&quot;:{&quot;name&quot;:&quot;Web Compat&quot;,&quot;description&quot;:&quot;Urgent post-release fixes for web compatibility.&quot;,&quot;creator&quot;:null,&quot;homepageURL&quot;:null},&quot;visible&quot;:true,&quot;active&quot;:true,&quot;userDisabled&quot;:false,&quot;appDisabled&quot;:false,&quot;installDate&quot;:1528407176000,&quot;updateDate&quot;:1528407176000,&quot;applyBackgroundUpdates&quot;:1,&quot;bootstrap&quot;:true,&quot;path&quot;:&quot;/usr/lib/firefox/browser/features/webcompat@mozilla.org.xpi&quot;,&quot;skinnable&quot;:false,&quot;size&quot;:9137,&quot;sourceURI&quot;:null,&quot;releaseNotesURI&quot;:null,&quot;softDisabled&quot;:false,&quot;foreignInstall&quot;:false,&quot;strictCompatibility&quot;:false,&quot;locales&quot;:[],&quot;targetApplications&quot;:[{&quot;id&quot;:&quot;{ec8030f7-c20a-464f-9b0e-13a3a9e97384}&quot;,&quot;minVersion&quot;:&quot;60.0.2&quot;,&quot;maxVersion&quot;:&quot;60.*&quot;}],&quot;targetPlatforms&quot;:[],&quot;multiprocessCompatible&quot;:true,&quot;seen&quot;:true,&quot;dependencies&quot;:[],&quot;hasEmbeddedWebExtension&quot;:false,&quot;mpcOptedOut&quot;:false,&quot;userPermissions&quot;:null,&quot;icons&quot;:{},&quot;iconURL&quot;:null,&quot;icon64URL&quot;:null,&quot;blocklistState&quot;:0,&quot;blocklistURL&quot;:null,&quot;startupData&quot;:null}
1529138190144	addons.xpi	DEBUG	Updating XPIState for {&quot;id&quot;:&quot;langpack-en-GB@firefox.mozilla.org&quot;,&quot;syncGUID&quot;:&quot;{5c553f55-2808-4878-9888-0cd07785ed79}&quot;,&quot;location&quot;:&quot;app-global&quot;,&quot;version&quot;:&quot;60.0&quot;,&quot;type&quot;:&quot;webextension-langpack&quot;,&quot;internalName&quot;:null,&quot;updateURL&quot;:null,&quot;updateKey&quot;:null,&quot;optionsURL&quot;:null,&quot;optionsType&quot;:null,&quot;optionsBrowserStyle&quot;:true,&quot;aboutURL&quot;:null,&quot;defaultLocale&quot;:{&quot;name&quot;:&quot;English (GB) Language Pack&quot;,&quot;description&quot;:&quot;Language pack for Firefox for en-GB&quot;,&quot;creator&quot;:&quot;Mark Tyndall (contributors: David Bartlett, Constantine Murenin, Ian Neal)&quot;,&quot;developers&quot;:null,&quot;translators&quot;:null,&quot;contributors&quot;:null},&quot;visible&quot;:true,&quot;active&quot;:true,&quot;userDisabled&quot;:false,&quot;appDisabled&quot;:false,&quot;installDate&quot;:1528407527000,&quot;updateDate&quot;:1528407527000,&quot;applyBackgroundUpdates&quot;:1,&quot;bootstrap&quot;:true,&quot;path&quot;:&quot;/usr/lib/firefox/browser/extensions/langpack-en-GB@firefox.mozilla.org.xpi&quot;,&quot;skinnable&quot;:false,&quot;size&quot;:1317690,&quot;sourceURI&quot;:null,&quot;releaseNotesURI&quot;:null,&quot;softDisabled&quot;:false,&quot;foreignInstall&quot;:true,&quot;strictCompatibility&quot;:true,&quot;locales&quot;:[],&quot;targetApplications&quot;:[{&quot;id&quot;:&quot;toolkit@mozilla.org&quot;,&quot;minVersion&quot;:&quot;60.0&quot;,&quot;maxVersion&quot;:&quot;60.*&quot;}],&quot;targetPlatforms&quot;:[],&quot;multiprocessCompatible&quot;:true,&quot;signedState&quot;:0,&quot;seen&quot;:true,&quot;dependencies&quot;:[],&quot;hasEmbeddedWebExtension&quot;:false,&quot;userPermissions&quot;:null,&quot;icons&quot;:{},&quot;iconURL&quot;:null,&quot;icon64URL&quot;:null,&quot;blocklistState&quot;:0,&quot;blocklistURL&quot;:null,&quot;startupData&quot;:{&quot;chromeEntries&quot;:[[&quot;locale&quot;,&quot;necko&quot;,&quot;en-GB&quot;,&quot;chrome/en-GB/locale/en-GB/necko/&quot;],[&quot;locale&quot;,&quot;pdf.js&quot;,&quot;en-GB&quot;,&quot;browser/chrome/en-GB/locale/pdfviewer/&quot;],[&quot;locale&quot;,&quot;global&quot;,&quot;en-GB&quot;,&quot;chrome/en-GB/locale/en-GB/global/&quot;],[&quot;locale&quot;,&quot;onboarding&quot;,&quot;en-GB&quot;,&quot;browser/features/onboarding@mozilla.org/en-GB/locale/en-GB/&quot;],[&quot;locale&quot;,&quot;devtools&quot;,&quot;en-GB&quot;,&quot;browser/chrome/en-GB/locale/en-GB/devtools/client/&quot;],[&quot;locale&quot;,&quot;pipnss&quot;,&quot;en-GB&quot;,&quot;chrome/en-GB/locale/en-GB/pipnss/&quot;],[&quot;locale&quot;,&quot;devtools-shim&quot;,&quot;en-GB&quot;,&quot;browser/chrome/en-GB/locale/en-GB/devtools/shim/&quot;],[&quot;locale&quot;,&quot;alerts&quot;,&quot;en-GB&quot;,&quot;chrome/en-GB/locale/en-GB/alerts/&quot;],[&quot;locale&quot;,&quot;branding&quot;,&quot;en-GB&quot;,&quot;browser/chrome/en-GB/locale/branding/&quot;],[&quot;locale&quot;,&quot;autoconfig&quot;,&quot;en-GB&quot;,&quot;chrome/en-GB/locale/en-GB/autoconfig/&quot;],[&quot;locale&quot;,&quot;devtools-shared&quot;,&quot;en-GB&quot;,&quot;browser/chrome/en-GB/locale/en-GB/devtools/shared/&quot;],[&quot;locale&quot;,&quot;global-platform&quot;,&quot;en-GB&quot;,&quot;chrome/en-GB/locale/en-GB/global-platform/unix/&quot;],[&quot;locale&quot;,&quot;browser-region&quot;,&quot;en-GB&quot;,&quot;browser/chrome/en-GB/locale/browser-region/&quot;],[&quot;locale&quot;,&quot;mozapps&quot;,&quot;en-GB&quot;,&quot;chrome/en-GB/locale/en-GB/mozapps/&quot;],[&quot;locale&quot;,&quot;pluginproblem&quot;,&quot;en-GB&quot;,&quot;chrome/en-GB/locale/en-GB/pluginproblem/&quot;],[&quot;locale&quot;,&quot;formautofill&quot;,&quot;en-GB&quot;,&quot;browser/features/formautofill@mozilla.org/en-GB/locale/en-GB/&quot;],[&quot;locale&quot;,&quot;weave&quot;,&quot;en-GB&quot;,&quot;chrome/en-GB/locale/en-GB/services/&quot;],[&quot;locale&quot;,&quot;pocket&quot;,&quot;en-GB&quot;,&quot;browser/features/firefox@getpocket.com/en-GB/locale/en-GB/&quot;],[&quot;locale&quot;,&quot;places&quot;,&quot;en-GB&quot;,&quot;chrome/en-GB/locale/en-GB/places/&quot;],[&quot;locale&quot;,&quot;passwordmgr&quot;,&quot;en-GB&quot;,&quot;chrome/en-GB/locale/en-GB/passwordmgr/&quot;],[&quot;locale&quot;,&quot;pippki&quot;,&quot;en-GB&quot;,&quot;chrome/en-GB/locale/en-GB/pippki/&quot;],[&quot;locale&quot;,&quot;browser&quot;,&quot;en-GB&quot;,&quot;browser/chrome/en-GB/locale/browser/&quot;]],&quot;langpackId&quot;:&quot;langpack-en-GB-browser&quot;,&quot;l10nRegistrySources&quot;:{&quot;browser&quot;:&quot;browser/&quot;},&quot;languages&quot;:[&quot;en-GB&quot;]}}
1529138190144	addons.xpi	DEBUG	Updating XPIState for {&quot;id&quot;:&quot;langpack-en-ZA@firefox.mozilla.org&quot;,&quot;syncGUID&quot;:&quot;{50f259d6-9781-4e82-85fa-d84cefb825b8}&quot;,&quot;location&quot;:&quot;app-global&quot;,&quot;version&quot;:&quot;60.0&quot;,&quot;type&quot;:&quot;webextension-langpack&quot;,&quot;internalName&quot;:null,&quot;updateURL&quot;:null,&quot;updateKey&quot;:null,&quot;optionsURL&quot;:null,&quot;optionsType&quot;:null,&quot;optionsBrowserStyle&quot;:true,&quot;aboutURL&quot;:null,&quot;defaultLocale&quot;:{&quot;name&quot;:&quot;English (South Africa) Language Pack&quot;,&quot;description&quot;:&quot;Language pack for Firefox for en-ZA&quot;,&quot;creator&quot;:&quot;Translate.org.za (contributors: Translate.org.za, Dwayne Bailey)&quot;,&quot;developers&quot;:null,&quot;translators&quot;:null,&quot;contributors&quot;:null},&quot;visible&quot;:true,&quot;active&quot;:true,&quot;userDisabled&quot;:false,&quot;appDisabled&quot;:false,&quot;installDate&quot;:1528407527000,&quot;updateDate&quot;:1528407527000,&quot;applyBackgroundUpdates&quot;:1,&quot;bootstrap&quot;:true,&quot;path&quot;:&quot;/usr/lib/firefox/browser/extensions/langpack-en-ZA@firefox.mozilla.org.xpi&quot;,&quot;skinnable&quot;:false,&quot;size&quot;:1258659,&quot;sourceURI&quot;:null,&quot;releaseNotesURI&quot;:null,&quot;softDisabled&quot;:false,&quot;foreignInstall&quot;:true,&quot;strictCompatibility&quot;:true,&quot;locales&quot;:[],&quot;targetApplications&quot;:[{&quot;id&quot;:&quot;toolkit@mozilla.org&quot;,&quot;minVersion&quot;:&quot;60.0&quot;,&quot;maxVersion&quot;:&quot;60.*&quot;}],&quot;targetPlatforms&quot;:[],&quot;multiprocessCompatible&quot;:true,&quot;signedState&quot;:0,&quot;seen&quot;:true,&quot;dependencies&quot;:[],&quot;hasEmbeddedWebExtension&quot;:false,&quot;userPermissions&quot;:null,&quot;icons&quot;:{},&quot;iconURL&quot;:null,&quot;icon64URL&quot;:null,&quot;blocklistState&quot;:0,&quot;blocklistURL&quot;:null,&quot;startupData&quot;:{&quot;chromeEntries&quot;:[[&quot;locale&quot;,&quot;necko&quot;,&quot;en-ZA&quot;,&quot;chrome/en-ZA/locale/en-ZA/necko/&quot;],[&quot;locale&quot;,&quot;pdf.js&quot;,&quot;en-ZA&quot;,&quot;browser/chrome/en-ZA/locale/pdfviewer/&quot;],[&quot;locale&quot;,&quot;global&quot;,&quot;en-ZA&quot;,&quot;chrome/en-ZA/locale/en-ZA/global/&quot;],[&quot;locale&quot;,&quot;onboarding&quot;,&quot;en-ZA&quot;,&quot;browser/features/onboarding@mozilla.org/en-ZA/locale/en-ZA/&quot;],[&quot;locale&quot;,&quot;devtools&quot;,&quot;en-ZA&quot;,&quot;browser/chrome/en-ZA/locale/en-ZA/devtools/client/&quot;],[&quot;locale&quot;,&quot;pipnss&quot;,&quot;en-ZA&quot;,&quot;chrome/en-ZA/locale/en-ZA/pipnss/&quot;],[&quot;locale&quot;,&quot;devtools-shim&quot;,&quot;en-ZA&quot;,&quot;browser/chrome/en-ZA/locale/en-ZA/devtools/shim/&quot;],[&quot;locale&quot;,&quot;alerts&quot;,&quot;en-ZA&quot;,&quot;chrome/en-ZA/locale/en-ZA/alerts/&quot;],[&quot;locale&quot;,&quot;branding&quot;,&quot;en-ZA&quot;,&quot;browser/chrome/en-ZA/locale/branding/&quot;],[&quot;locale&quot;,&quot;autoconfig&quot;,&quot;en-ZA&quot;,&quot;chrome/en-ZA/locale/en-ZA/autoconfig/&quot;],[&quot;locale&quot;,&quot;devtools-shared&quot;,&quot;en-ZA&quot;,&quot;browser/chrome/en-ZA/locale/en-ZA/devtools/shared/&quot;],[&quot;locale&quot;,&quot;global-platform&quot;,&quot;en-ZA&quot;,&quot;chrome/en-ZA/locale/en-ZA/global-platform/unix/&quot;],[&quot;locale&quot;,&quot;browser-region&quot;,&quot;en-ZA&quot;,&quot;browser/chrome/en-ZA/locale/browser-region/&quot;],[&quot;locale&quot;,&quot;mozapps&quot;,&quot;en-ZA&quot;,&quot;chrome/en-ZA/locale/en-ZA/mozapps/&quot;],[&quot;locale&quot;,&quot;pluginproblem&quot;,&quot;en-ZA&quot;,&quot;chrome/en-ZA/locale/en-ZA/pluginproblem/&quot;],[&quot;locale&quot;,&quot;formautofill&quot;,&quot;en-ZA&quot;,&quot;browser/features/formautofill@mozilla.org/en-ZA/locale/en-ZA/&quot;],[&quot;locale&quot;,&quot;weave&quot;,&quot;en-ZA&quot;,&quot;chrome/en-ZA/locale/en-ZA/services/&quot;],[&quot;locale&quot;,&quot;pocket&quot;,&quot;en-ZA&quot;,&quot;browser/features/firefox@getpocket.com/en-ZA/locale/en-ZA/&quot;],[&quot;locale&quot;,&quot;places&quot;,&quot;en-ZA&quot;,&quot;chrome/en-ZA/locale/en-ZA/places/&quot;],[&quot;locale&quot;,&quot;passwordmgr&quot;,&quot;en-ZA&quot;,&quot;chrome/en-ZA/locale/en-ZA/passwordmgr/&quot;],[&quot;locale&quot;,&quot;pippki&quot;,&quot;en-ZA&quot;,&quot;chrome/en-ZA/locale/en-ZA/pippki/&quot;],[&quot;locale&quot;,&quot;browser&quot;,&quot;en-ZA&quot;,&quot;browser/chrome/en-ZA/locale/browser/&quot;]],&quot;langpackId&quot;:&quot;langpack-en-ZA-browser&quot;,&quot;l10nRegistrySources&quot;:{&quot;browser&quot;:&quot;browser/&quot;},&quot;languages&quot;:[&quot;en-ZA&quot;]}}
1529138190144	addons.xpi	DEBUG	Updating XPIState for {&quot;id&quot;:&quot;langpack-fr@firefox.mozilla.org&quot;,&quot;syncGUID&quot;:&quot;{7e236274-c44b-471c-a4ef-262ccc511c33}&quot;,&quot;location&quot;:&quot;app-global&quot;,&quot;version&quot;:&quot;60.0&quot;,&quot;type&quot;:&quot;webextension-langpack&quot;,&quot;internalName&quot;:null,&quot;updateURL&quot;:null,&quot;updateKey&quot;:null,&quot;optionsURL&quot;:null,&quot;optionsType&quot;:null,&quot;optionsBrowserStyle&quot;:true,&quot;aboutURL&quot;:null,&quot;defaultLocale&quot;:{&quot;name&quot;:&quot;Fran��ais Language Pack&quot;,&quot;description&quot;:&quot;Language pack for Firefox for fr&quot;,&quot;creator&quot;:&quot;mozfr.org (contributors: Vincent B��ron, Th��o Chevalier, C��dric Corazza, Philippe Dessante, Beno��t Leseul, Marie L��ger-St-Jean, Jean-Bernard Marcon, J��r��me Schell)&quot;,&quot;developers&quot;:null,&quot;translators&quot;:null,&quot;contributors&quot;:null},&quot;visible&quot;:true,&quot;active&quot;:true,&quot;userDisabled&quot;:false,&quot;appDisabled&quot;:false,&quot;installDate&quot;:1528407541000,&quot;updateDate&quot;:1528407541000,&quot;applyBackgroundUpdates&quot;:1,&quot;bootstrap&quot;:true,&quot;path&quot;:&quot;/usr/lib/firefox/browser/extensions/langpack-fr@firefox.mozilla.org.xpi&quot;,&quot;skinnable&quot;:false,&quot;size&quot;:1441521,&quot;sourceURI&quot;:null,&quot;releaseNotesURI&quot;:null,&quot;softDisabled&quot;:false,&quot;foreignInstall&quot;:true,&quot;strictCompatibility&quot;:true,&quot;locales&quot;:[],&quot;targetApplications&quot;:[{&quot;id&quot;:&quot;toolkit@mozilla.org&quot;,&quot;minVersion&quot;:&quot;60.0&quot;,&quot;maxVersion&quot;:&quot;60.*&quot;}],&quot;targetPlatforms&quot;:[],&quot;multiprocessCompatible&quot;:true,&quot;signedState&quot;:0,&quot;seen&quot;:true,&quot;dependencies&quot;:[],&quot;hasEmbeddedWebExtension&quot;:false,&quot;userPermissions&quot;:null,&quot;icons&quot;:{},&quot;iconURL&quot;:null,&quot;icon64URL&quot;:null,&quot;blocklistState&quot;:0,&quot;blocklistURL&quot;:null,&quot;startupData&quot;:{&quot;chromeEntries&quot;:[[&quot;locale&quot;,&quot;necko&quot;,&quot;fr&quot;,&quot;chrome/fr/locale/fr/necko/&quot;],[&quot;locale&quot;,&quot;pdf.js&quot;,&quot;fr&quot;,&quot;browser/chrome/fr/locale/pdfviewer/&quot;],[&quot;locale&quot;,&quot;global&quot;,&quot;fr&quot;,&quot;chrome/fr/locale/fr/global/&quot;],[&quot;locale&quot;,&quot;onboarding&quot;,&quot;fr&quot;,&quot;browser/features/onboarding@mozilla.org/fr/locale/fr/&quot;],[&quot;locale&quot;,&quot;devtools&quot;,&quot;fr&quot;,&quot;browser/chrome/fr/locale/fr/devtools/client/&quot;],[&quot;locale&quot;,&quot;pipnss&quot;,&quot;fr&quot;,&quot;chrome/fr/locale/fr/pipnss/&quot;],[&quot;locale&quot;,&quot;devtools-shim&quot;,&quot;fr&quot;,&quot;browser/chrome/fr/locale/fr/devtools/shim/&quot;],[&quot;locale&quot;,&quot;alerts&quot;,&quot;fr&quot;,&quot;chrome/fr/locale/fr/alerts/&quot;],[&quot;locale&quot;,&quot;branding&quot;,&quot;fr&quot;,&quot;browser/chrome/fr/locale/branding/&quot;],[&quot;locale&quot;,&quot;autoconfig&quot;,&quot;fr&quot;,&quot;chrome/fr/locale/fr/autoconfig/&quot;],[&quot;locale&quot;,&quot;devtools-shared&quot;,&quot;fr&quot;,&quot;browser/chrome/fr/locale/fr/devtools/shared/&quot;],[&quot;locale&quot;,&quot;global-platform&quot;,&quot;fr&quot;,&quot;chrome/fr/locale/fr/global-platform/unix/&quot;],[&quot;locale&quot;,&quot;browser-region&quot;,&quot;fr&quot;,&quot;browser/chrome/fr/locale/browser-region/&quot;],[&quot;locale&quot;,&quot;mozapps&quot;,&quot;fr&quot;,&quot;chrome/fr/locale/fr/mozapps/&quot;],[&quot;locale&quot;,&quot;pluginproblem&quot;,&quot;fr&quot;,&quot;chrome/fr/locale/fr/pluginproblem/&quot;],[&quot;locale&quot;,&quot;formautofill&quot;,&quot;fr&quot;,&quot;browser/features/formautofill@mozilla.org/fr/locale/fr/&quot;],[&quot;locale&quot;,&quot;weave&quot;,&quot;fr&quot;,&quot;chrome/fr/locale/fr/services/&quot;],[&quot;locale&quot;,&quot;pocket&quot;,&quot;fr&quot;,&quot;browser/features/firefox@getpocket.com/fr/locale/fr/&quot;],[&quot;locale&quot;,&quot;places&quot;,&quot;fr&quot;,&quot;chrome/fr/locale/fr/places/&quot;],[&quot;locale&quot;,&quot;passwordmgr&quot;,&quot;fr&quot;,&quot;chrome/fr/locale/fr/passwordmgr/&quot;],[&quot;locale&quot;,&quot;pippki&quot;,&quot;fr&quot;,&quot;chrome/fr/locale/fr/pippki/&quot;],[&quot;locale&quot;,&quot;browser&quot;,&quot;fr&quot;,&quot;browser/chrome/fr/locale/browser/&quot;]],&quot;langpackId&quot;:&quot;langpack-fr-browser&quot;,&quot;l10nRegistrySources&quot;:{&quot;browser&quot;:&quot;browser/&quot;},&quot;languages&quot;:[&quot;fr&quot;]}}
1529138190144	addons.xpi	DEBUG	Updating XPIState for {&quot;id&quot;:&quot;{972ce4c6-7e08-4474-a285-3208198ce6fd}&quot;,&quot;syncGUID&quot;:&quot;{075bbe16-7927-4c38-8e21-3d99c0232706}&quot;,&quot;location&quot;:&quot;app-global&quot;,&quot;version&quot;:&quot;60.0.2&quot;,&quot;type&quot;:&quot;theme&quot;,&quot;internalName&quot;:&quot;classic/1.0&quot;,&quot;updateURL&quot;:null,&quot;updateKey&quot;:null,&quot;optionsURL&quot;:null,&quot;optionsType&quot;:null,&quot;optionsBrowserStyle&quot;:null,&quot;aboutURL&quot;:null,&quot;defaultLocale&quot;:{&quot;name&quot;:&quot;Default&quot;,&quot;description&quot;:&quot;The default theme.&quot;,&quot;creator&quot;:&quot;Mozilla&quot;,&quot;homepageURL&quot;:null,&quot;contributors&quot;:[&quot;Mozilla Contributors&quot;]},&quot;visible&quot;:true,&quot;active&quot;:true,&quot;userDisabled&quot;:false,&quot;appDisabled&quot;:false,&quot;installDate&quot;:1528407176000,&quot;updateDate&quot;:1528407176000,&quot;applyBackgroundUpdates&quot;:1,&quot;path&quot;:&quot;/usr/lib/firefox/browser/extensions/{972ce4c6-7e08-4474-a285-3208198ce6fd}.xpi&quot;,&quot;skinnable&quot;:true,&quot;size&quot;:1907,&quot;sourceURI&quot;:null,&quot;releaseNotesURI&quot;:null,&quot;softDisabled&quot;:false,&quot;foreignInstall&quot;:false,&quot;strictCompatibility&quot;:true,&quot;locales&quot;:[],&quot;targetApplications&quot;:[{&quot;id&quot;:&quot;{ec8030f7-c20a-464f-9b0e-13a3a9e97384}&quot;,&quot;minVersion&quot;:&quot;60.0.2&quot;,&quot;maxVersion&quot;:&quot;60.0.2&quot;}],&quot;targetPlatforms&quot;:[],&quot;seen&quot;:true,&quot;dependencies&quot;:[],&quot;hasEmbeddedWebExtension&quot;:false,&quot;userPermissions&quot;:null,&quot;icons&quot;:{},&quot;iconURL&quot;:&quot;chrome://browser/content/default-theme-icon.svg&quot;,&quot;icon64URL&quot;:null,&quot;blocklistState&quot;:0,&quot;blocklistURL&quot;:null,&quot;startupData&quot;:null}
1529138190144	addons.xpi	DEBUG	Updating database with changes to installed add-ons
1529138190144	addons.xpi-utils	DEBUG	Updating add-on states
1529138190149	addons.xpi	DEBUG	Registering manifest for /usr/lib/firefox/browser/features/activity-stream@mozilla.org.xpi
1529138190149	addons.xpi	DEBUG	Calling bootstrap method startup on activity-stream@mozilla.org version 2018.04.20.1103-b3b95672
1529138190150	addons.xpi	DEBUG	Registering manifest for /usr/lib/firefox/browser/features/aushelper@mozilla.org.xpi
1529138190150	addons.xpi	DEBUG	Calling bootstrap method startup on aushelper@mozilla.org version 2.0
1529138190150	addons.xpi	DEBUG	Registering manifest for /usr/lib/firefox/browser/features/firefox@getpocket.com.xpi
1529138190150	addons.xpi	DEBUG	Calling bootstrap method startup on firefox@getpocket.com version 1.0.5
1529138190188	addons.xpi	DEBUG	Registering manifest for /usr/lib/firefox/browser/features/followonsearch@mozilla.com.xpi
1529138190188	addons.xpi	DEBUG	Calling bootstrap method startup on followonsearch@mozilla.com version 0.9.6
1529138190192	addons.xpi	DEBUG	Registering manifest for /usr/lib/firefox/browser/features/formautofill@mozilla.org.xpi
1529138190192	addons.xpi	DEBUG	Calling bootstrap method startup on formautofill@mozilla.org version 1.0
1529138190198	addons.xpi	DEBUG	Calling bootstrap method startup on langpack-en-GB@firefox.mozilla.org version 60.0
1529138190282	addons.xpi	DEBUG	Calling bootstrap method startup on langpack-en-ZA@firefox.mozilla.org version 60.0
1529138190289	addons.xpi	DEBUG	Calling bootstrap method startup on langpack-fr@firefox.mozilla.org version 60.0
1529138190290	addons.xpi	DEBUG	Registering manifest for /usr/lib/firefox/browser/features/onboarding@mozilla.org.xpi
1529138190290	addons.xpi	DEBUG	Calling bootstrap method startup on onboarding@mozilla.org version 1.0
1529138190306	addons.xpi	DEBUG	Registering manifest for /usr/lib/firefox/browser/features/screenshots@mozilla.org.xpi
1529138190313	addons.xpi	DEBUG	Calling bootstrap method startup on screenshots@mozilla.org version 30.1.0
1529138190314	addons.xpi	DEBUG	Registering manifest for /usr/lib/firefox/browser/features/webcompat@mozilla.org.xpi
1529138190314	addons.xpi	DEBUG	Calling bootstrap method startup on webcompat@mozilla.org version 1.1
1529138190325	addons.manager	DEBUG	Registering shutdown blocker for XPIProvider
1529138190325	addons.manager	DEBUG	Provider finished startup: XPIProvider
1529138190325	addons.manager	DEBUG	Starting provider: LightweightThemeManager
1529138190325	addons.manager	DEBUG	Registering shutdown blocker for LightweightThemeManager
1529138190325	addons.manager	DEBUG	Provider finished startup: LightweightThemeManager
1529138190325	addons.manager	DEBUG	Starting provider: GMPProvider
1529138190337	addons.manager	DEBUG	Registering shutdown blocker for GMPProvider
1529138190337	addons.manager	DEBUG	Provider finished startup: GMPProvider
1529138190337	addons.manager	DEBUG	Starting provider: PluginProvider
1529138190337	addons.manager	DEBUG	Registering shutdown blocker for PluginProvider
1529138190337	addons.manager	DEBUG	Provider finished startup: PluginProvider
1529138190338	addons.manager	DEBUG	Completed startup sequence
alloc factor 0,900000 0,900000
alloc factor 0,900000 0,900000
1529138191037	addons.manager	DEBUG	Starting provider: PreviousExperimentProvider
1529138191039	addons.manager	DEBUG	Registering shutdown blocker for PreviousExperimentProvider
1529138191040	addons.manager	DEBUG	Provider finished startup: PreviousExperimentProvider
alloc factor 0,900000 0,900000
alloc factor 0,900000 0,900000
1529138192792	addons.xpi	INFO	Mapping activity-stream@mozilla.org to /usr/lib/firefox/browser/features/activity-stream@mozilla.org.xpi
1529138192793	addons.xpi	INFO	Mapping aushelper@mozilla.org to /usr/lib/firefox/browser/features/aushelper@mozilla.org.xpi
1529138192793	addons.xpi	INFO	Mapping firefox@getpocket.com to /usr/lib/firefox/browser/features/firefox@getpocket.com.xpi
1529138192793	addons.xpi	INFO	Mapping followonsearch@mozilla.com to /usr/lib/firefox/browser/features/followonsearch@mozilla.com.xpi
1529138192794	addons.xpi	INFO	Mapping formautofill@mozilla.org to /usr/lib/firefox/browser/features/formautofill@mozilla.org.xpi
1529138192794	addons.xpi	INFO	Mapping onboarding@mozilla.org to /usr/lib/firefox/browser/features/onboarding@mozilla.org.xpi
1529138192794	addons.xpi	INFO	Mapping screenshots@mozilla.org to /usr/lib/firefox/browser/features/screenshots@mozilla.org.xpi
1529138192795	addons.xpi	INFO	Mapping webcompat@mozilla.org to /usr/lib/firefox/browser/features/webcompat@mozilla.org.xpi
1529138192796	addons.xpi	DEBUG	Existing add-on activity-stream@mozilla.org in app-system-defaults
1529138192796	addons.xpi	DEBUG	Existing add-on aushelper@mozilla.org in app-system-defaults
1529138192797	addons.xpi	DEBUG	Existing add-on firefox@getpocket.com in app-system-defaults
1529138192797	addons.xpi	DEBUG	Existing add-on followonsearch@mozilla.com in app-system-defaults
1529138192798	addons.xpi	DEBUG	Existing add-on formautofill@mozilla.org in app-system-defaults
1529138192799	addons.xpi	DEBUG	Existing add-on onboarding@mozilla.org in app-system-defaults
1529138192799	addons.xpi	DEBUG	Existing add-on screenshots@mozilla.org in app-system-defaults
1529138192799	addons.xpi	DEBUG	Existing add-on webcompat@mozilla.org in app-system-defaults
1529138192800	addons.xpi	INFO	Mapping langpack-en-GB@firefox.mozilla.org to /usr/lib/firefox/browser/extensions/langpack-en-GB@firefox.mozilla.org.xpi
1529138192800	addons.xpi	INFO	Mapping langpack-en-ZA@firefox.mozilla.org to /usr/lib/firefox/browser/extensions/langpack-en-ZA@firefox.mozilla.org.xpi
1529138192801	addons.xpi	INFO	Mapping langpack-fr@firefox.mozilla.org to /usr/lib/firefox/browser/extensions/langpack-fr@firefox.mozilla.org.xpi
1529138192801	addons.xpi	INFO	Mapping {972ce4c6-7e08-4474-a285-3208198ce6fd} to /usr/lib/firefox/browser/extensions/{972ce4c6-7e08-4474-a285-3208198ce6fd}.xpi
1529138192801	addons.xpi	DEBUG	Existing add-on langpack-en-GB@firefox.mozilla.org in app-global
1529138192802	addons.xpi	DEBUG	Existing add-on langpack-en-ZA@firefox.mozilla.org in app-global
1529138192802	addons.xpi	DEBUG	Existing add-on langpack-fr@firefox.mozilla.org in app-global
1529138192802	addons.xpi	DEBUG	Existing add-on {972ce4c6-7e08-4474-a285-3208198ce6fd} in app-global
1529138192803	addons.xpi	DEBUG	getInstallState changed: false, state: {}
1529138193146	Marionette	INFO	Listening on port 43499
1529138193341	Marionette	WARN	TLS certificate errors will be ignored for this session
juin 16, 2018 10:36:33 AM org.openqa.selenium.remote.ProtocolHandshake createSession
INFOS: Detected dialect: W3C
</system-err>
  </testcase>
  <testcase classname="testSelenium.TestConnexion" name="testConnexion" time="9.418">
    <error type="java.lang.NullPointerException">java.lang.NullPointerException
	at testSelenium.TestConnexion.tearDown(TestConnexion.java:42)
	at sun.reflect.NativeMethodAccessorImpl.invoke0(Native Method)
	at sun.reflect.NativeMethodAccessorImpl.invoke(NativeMethodAccessorImpl.java:62)
	at sun.reflect.DelegatingMethodAccessorImpl.invoke(DelegatingMethodAccessorImpl.java:43)
	at java.lang.reflect.Method.invoke(Method.java:498)
	at org.junit.runners.model.FrameworkMethod$1.runReflectiveCall(FrameworkMethod.java:50)
	at org.junit.internal.runners.model.ReflectiveCallable.run(ReflectiveCallable.java:12)
	at org.junit.runners.model.FrameworkMethod.invokeExplosively(FrameworkMethod.java:47)
	at org.junit.internal.runners.statements.RunAfters.evaluate(RunAfters.java:33)
	at org.junit.runners.ParentRunner.runLeaf(ParentRunner.java:325)
	at org.junit.runners.BlockJUnit4ClassRunner.runChild(BlockJUnit4ClassRunner.java:78)
	at org.junit.runners.BlockJUnit4ClassRunner.runChild(BlockJUnit4ClassRunner.java:57)
	at org.junit.runners.ParentRunner$3.run(ParentRunner.java:290)
	at org.junit.runners.ParentRunner$1.schedule(ParentRunner.java:71)
	at org.junit.runners.ParentRunner.runChildren(ParentRunner.java:288)
	at org.junit.runners.ParentRunner.access$000(ParentRunner.java:58)
	at org.junit.runners.ParentRunner$2.evaluate(ParentRunner.java:268)
	at org.junit.runners.ParentRunner.run(ParentRunner.java:363)
	at org.apache.maven.surefire.junit4.JUnit4Provider.execute(JUnit4Provider.java:252)
	at org.apache.maven.surefire.junit4.JUnit4Provider.executeTestSet(JUnit4Provider.java:141)
	at org.apache.maven.surefire.junit4.JUnit4Provider.invoke(JUnit4Provider.java:112)
	at sun.reflect.NativeMethodAccessorImpl.invoke0(Native Method)
	at sun.reflect.NativeMethodAccessorImpl.invoke(NativeMethodAccessorImpl.java:62)
	at sun.reflect.DelegatingMethodAccessorImpl.invoke(DelegatingMethodAccessorImpl.java:43)
	at java.lang.reflect.Method.invoke(Method.java:498)
	at org.apache.maven.surefire.util.ReflectionUtils.invokeMethodWithArray(ReflectionUtils.java:189)
	at org.apache.maven.surefire.booter.ProviderFactory$ProviderProxy.invoke(ProviderFactory.java:165)
	at org.apache.maven.surefire.booter.ProviderFactory.invokeProvider(ProviderFactory.java:85)
	at org.apache.maven.surefire.booter.ForkedBooter.runSuitesInProcess(ForkedBooter.java:115)
	at org.apache.maven.surefire.booter.ForkedBooter.main(ForkedBooter.java:75)
</error>
  </testcase>
</testsuite>